# JRE version: Java(TM) SE Runtime Environment (8.0_221-b11) (build 1.8.0_221-b11)
# Java VM: Java HotSpot(TM) 64-Bit Server VM (25.221-b11 mixed mode bsd-amd64 compressed oops)
Heap:
 PSYoungGen      total 175104K, used 19680K [0x000000076ab00000, 0x0000000776800000, 0x00000007c0000000)
  eden space 160768K, 5% used [0x000000076ab00000,0x000000076b3f9cd8,0x0000000774800000)
  from space 14336K, 73% used [0x0000000775a00000,0x000000077643e570,0x0000000776800000)
  to   space 16384K, 0% used [0x0000000774800000,0x0000000774800000,0x0000000775800000)
 ParOldGen       total 110080K, used 18210K [0x00000006c0000000, 0x00000006c6b80000, 0x000000076ab00000)
  object space 110080K, 16% used [0x00000006c0000000,0x00000006c11c8b58,0x00000006c6b80000)
 Metaspace       used 27949K, capacity 28319K, committed 28800K, reserved 1075200K
  class space    used 2217K, capacity 2349K, committed 2432K, reserved 1048576K
GC Heap History (10 events):
Event: 3.416 GC heap before
{Heap before GC invocations=3 (full 1):
 PSYoungGen      total 76288K, used 10720K [0x000000076ab00000, 0x0000000774000000, 0x00000007c0000000)
  eden space 65536K, 0% used [0x000000076ab00000,0x000000076ab00000,0x000000076eb00000)
  from space 10752K, 99% used [0x000000076f580000,0x000000076fff81b0,0x0000000770000000)
  to   space 10752K, 0% used [0x000000076eb00000,0x000000076eb00000,0x000000076f580000)
 ParOldGen       total 175104K, used 6982K [0x00000006c0000000, 0x00000006cab00000, 0x000000076ab00000)
  object space 175104K, 3% used [0x00000006c0000000,0x00000006c06d1a48,0x00000006cab00000)
 Metaspace       used 20770K, capacity 21114K, committed 21296K, reserved 1069056K
  class space    used 2044K, capacity 2150K, committed 2176K, reserved 1048576K
Event: 3.450 GC heap after
Heap after GC invocations=3 (full 1):
 PSYoungGen      total 76288K, used 0K [0x000000076ab00000, 0x0000000774000000, 0x00000007c0000000)
  eden space 65536K, 0% used [0x000000076ab00000,0x000000076ab00000,0x000000076eb00000)
  from space 10752K, 0% used [0x000000076f580000,0x000000076f580000,0x0000000770000000)
  to   space 10752K, 0% used [0x000000076eb00000,0x000000076eb00000,0x000000076f580000)
 ParOldGen       total 110080K, used 17573K [0x00000006c0000000, 0x00000006c6b80000, 0x000000076ab00000)
  object space 110080K, 15% used [0x00000006c0000000,0x00000006c1129680,0x00000006c6b80000)
 Metaspace       used 20770K, capacity 21114K, committed 21296K, reserved 1069056K
  class space    used 2044K, capacity 2150K, committed 2176K, reserved 1048576K
}
Event: 5.523 GC heap before
{Heap before GC invocations=4 (full 1):
 PSYoungGen      total 76288K, used 65536K [0x000000076ab00000, 0x0000000774000000, 0x00000007c0000000)
  eden space 65536K, 100% used [0x000000076ab00000,0x000000076eb00000,0x000000076eb00000)
  from space 10752K, 0% used [0x000000076f580000,0x000000076f580000,0x0000000770000000)
  to   space 10752K, 0% used [0x000000076eb00000,0x000000076eb00000,0x000000076f580000)
 ParOldGen       total 110080K, used 17573K [0x00000006c0000000, 0x00000006c6b80000, 0x000000076ab00000)
  object space 110080K, 15% used [0x00000006c0000000,0x00000006c1129680,0x00000006c6b80000)
 Metaspace       used 27282K, capacity 27635K, committed 28032K, reserved 1075200K
  class space    used 2201K, capacity 2313K, committed 2432K, reserved 1048576K
Event: 5.533 GC heap after
Heap after GC invocations=4 (full 1):
 PSYoungGen      total 76288K, used 10751K [0x000000076ab00000, 0x0000000772b00000, 0x00000007c0000000)
  eden space 65536K, 0% used [0x000000076ab00000,0x000000076ab00000,0x000000076eb00000)
  from space 10752K, 99% used [0x000000076eb00000,0x000000076f57fc78,0x000000076f580000)
  to   space 10752K, 0% used [0x0000000772080000,0x0000000772080000,0x0000000772b00000)
 ParOldGen       total 110080K, used 17630K [0x00000006c0000000, 0x00000006c6b80000, 0x000000076ab00000)
  object space 110080K, 16% used [0x00000006c0000000,0x00000006c1137ae8,0x00000006c6b80000)
 Metaspace       used 27282K, capacity 27635K, committed 28032K, reserved 1075200K
  class space    used 2201K, capacity 2313K, committed 2432K, reserved 1048576K
}
Event: 13.840 GC heap before
{Heap before GC invocations=5 (full 1):
 PSYoungGen      total 76288K, used 76287K [0x000000076ab00000, 0x0000000772b00000, 0x00000007c0000000)
  eden space 65536K, 100% used [0x000000076ab00000,0x000000076eb00000,0x000000076eb00000)
  from space 10752K, 99% used [0x000000076eb00000,0x000000076f57fc78,0x000000076f580000)
  to   space 10752K, 0% used [0x0000000772080000,0x0000000772080000,0x0000000772b00000)
 ParOldGen       total 110080K, used 17630K [0x00000006c0000000, 0x00000006c6b80000, 0x000000076ab00000)
  object space 110080K, 16% used [0x00000006c0000000,0x00000006c1137ae8,0x00000006c6b80000)
 Metaspace       used 27738K, capacity 28089K, committed 28544K, reserved 1075200K
  class space    used 2201K, capacity 2314K, committed 2432K, reserved 1048576K
Event: 13.848 GC heap after
Heap after GC invocations=5 (full 1):
 PSYoungGen      total 116224K, used 10747K [0x000000076ab00000, 0x0000000772b00000, 0x00000007c0000000)
  eden space 105472K, 0% used [0x000000076ab00000,0x000000076ab00000,0x0000000771200000)
  from space 10752K, 99% used [0x0000000772080000,0x0000000772afecc8,0x0000000772b00000)
  to   space 10752K, 0% used [0x0000000771600000,0x0000000771600000,0x0000000772080000)
 ParOldGen       total 110080K, used 17938K [0x00000006c0000000, 0x00000006c6b80000, 0x000000076ab00000)
  object space 110080K, 16% used [0x00000006c0000000,0x00000006c1184b48,0x00000006c6b80000)
 Metaspace       used 27738K, capacity 28089K, committed 28544K, reserved 1075200K
  class space    used 2201K, capacity 2314K, committed 2432K, reserved 1048576K
}
Event: 28.261 GC heap before
{Heap before GC invocations=6 (full 1):
 PSYoungGen      total 116224K, used 116219K [0x000000076ab00000, 0x0000000772b00000, 0x00000007c0000000)
  eden space 105472K, 100% used [0x000000076ab00000,0x0000000771200000,0x0000000771200000)
  from space 10752K, 99% used [0x0000000772080000,0x0000000772afecc8,0x0000000772b00000)
  to   space 10752K, 0% used [0x0000000771600000,0x0000000771600000,0x0000000772080000)
 ParOldGen       total 110080K, used 17938K [0x00000006c0000000, 0x00000006c6b80000, 0x000000076ab00000)
  object space 110080K, 16% used [0x00000006c0000000,0x00000006c1184b48,0x00000006c6b80000)
 Metaspace       used 27861K, capacity 28217K, committed 28544K, reserved 1075200K
  class space    used 2201K, capacity 2314K, committed 2432K, reserved 1048576K
Event: 28.269 GC heap after
Heap after GC invocations=6 (full 1):
 PSYoungGen      total 120320K, used 10538K [0x000000076ab00000, 0x0000000776a80000, 0x00000007c0000000)
  eden space 109568K, 0% used [0x000000076ab00000,0x000000076ab00000,0x0000000771600000)
  from space 10752K, 98% used [0x0000000771600000,0x000000077204ab48,0x0000000772080000)
  to   space 16896K, 0% used [0x0000000775a00000,0x0000000775a00000,0x0000000776a80000)
 ParOldGen       total 110080K, used 18202K [0x00000006c0000000, 0x00000006c6b80000, 0x000000076ab00000)
  object space 110080K, 16% used [0x00000006c0000000,0x00000006c11c6b58,0x00000006c6b80000)
 Metaspace       used 27861K, capacity 28217K, committed 28544K, reserved 1075200K
  class space    used 2201K, capacity 2314K, committed 2432K, reserved 1048576K
}
Event: 43.312 GC heap before
{Heap before GC invocations=7 (full 1):
 PSYoungGen      total 120320K, used 120106K [0x000000076ab00000, 0x0000000776a80000, 0x00000007c0000000)
  eden space 109568K, 100% used [0x000000076ab00000,0x0000000771600000,0x0000000771600000)
  from space 10752K, 98% used [0x0000000771600000,0x000000077204ab48,0x0000000772080000)
  to   space 16896K, 0% used [0x0000000775a00000,0x0000000775a00000,0x0000000776a80000)
 ParOldGen       total 110080K, used 18202K [0x00000006c0000000, 0x00000006c6b80000, 0x000000076ab00000)
  object space 110080K, 16% used [0x00000006c0000000,0x00000006c11c6b58,0x00000006c6b80000)
 Metaspace       used 27878K, capacity 28219K, committed 28544K, reserved 1075200K
  class space    used 2204K, capacity 2315K, committed 2432K, reserved 1048576K
Event: 43.320 GC heap after
Heap after GC invocations=7 (full 1):
 PSYoungGen      total 175104K, used 10489K [0x000000076ab00000, 0x0000000776800000, 0x00000007c0000000)
  eden space 160768K, 0% used [0x000000076ab00000,0x000000076ab00000,0x0000000774800000)
  from space 14336K, 73% used [0x0000000775a00000,0x000000077643e570,0x0000000776800000)
  to   space 16384K, 0% used [0x0000000774800000,0x0000000774800000,0x0000000775800000)
 ParOldGen       total 110080K, used 18210K [0x00000006c0000000, 0x00000006c6b80000, 0x000000076ab00000)
  object space 110080K, 16% used [0x00000006c0000000,0x00000006c11c8b58,0x00000006c6b80000)
 Metaspace       used 27878K, capacity 28219K, committed 28544K, reserved 1075200K
  class space    used 2204K, capacity 2315K, committed 2432K, reserved 1048576K
}

