# JRE version: Java(TM) SE Runtime Environment (8.0_221-b11) (build 1.8.0_221-b11)
# Java VM: Java HotSpot(TM) 64-Bit Server VM (25.221-b11 mixed mode bsd-amd64 compressed oops)
Heap:
 PSYoungGen      total 583168K, used 267947K [0x000000076ab00000, 0x000000079a380000, 0x00000007c0000000)
  eden space 548352K, 48% used [0x000000076ab00000,0x000000077b072da0,0x000000078c280000)
  from space 34816K, 0% used [0x0000000795f80000,0x0000000795fb8000,0x0000000798180000)
  to   space 34304K, 0% used [0x0000000798200000,0x0000000798200000,0x000000079a380000)
 ParOldGen       total 183296K, used 56815K [0x00000006c0000000, 0x00000006cb300000, 0x000000076ab00000)
  object space 183296K, 30% used [0x00000006c0000000,0x00000006c377bd58,0x00000006cb300000)
 Metaspace       used 25547K, capacity 25985K, committed 26496K, reserved 1073152K
  class space    used 2536K, capacity 2659K, committed 2688K, reserved 1048576K
GC Heap History (10 events):
Event: 55.516 GC heap before
{Heap before GC invocations=13 (full 2):
 PSYoungGen      total 498688K, used 465120K [0x000000076ab00000, 0x000000078b800000, 0x00000007c0000000)
  eden space 464896K, 100% used [0x000000076ab00000,0x0000000787100000,0x0000000787100000)
  from space 33792K, 0% used [0x0000000789380000,0x00000007893b8000,0x000000078b480000)
  to   space 35328K, 0% used [0x0000000787100000,0x0000000787100000,0x0000000789380000)
 ParOldGen       total 183296K, used 56711K [0x00000006c0000000, 0x00000006cb300000, 0x000000076ab00000)
  object space 183296K, 30% used [0x00000006c0000000,0x00000006c3761d58,0x00000006cb300000)
 Metaspace       used 25479K, capacity 25915K, committed 26240K, reserved 1073152K
  class space    used 2522K, capacity 2656K, committed 2688K, reserved 1048576K
Event: 55.518 GC heap after
Heap after GC invocations=13 (full 2):
 PSYoungGen      total 500224K, used 224K [0x000000076ab00000, 0x0000000794b80000, 0x00000007c0000000)
  eden space 464896K, 0% used [0x000000076ab00000,0x000000076ab00000,0x0000000787100000)
  from space 35328K, 0% used [0x0000000787100000,0x0000000787138000,0x0000000789380000)
  to   space 35840K, 0% used [0x0000000792880000,0x0000000792880000,0x0000000794b80000)
 ParOldGen       total 183296K, used 56783K [0x00000006c0000000, 0x00000006cb300000, 0x000000076ab00000)
  object space 183296K, 30% used [0x00000006c0000000,0x00000006c3773d58,0x00000006cb300000)
 Metaspace       used 25479K, capacity 25915K, committed 26240K, reserved 1073152K
  class space    used 2522K, capacity 2656K, committed 2688K, reserved 1048576K
}
Event: 70.963 GC heap before
{Heap before GC invocations=14 (full 2):
 PSYoungGen      total 500224K, used 465120K [0x000000076ab00000, 0x0000000794b80000, 0x00000007c0000000)
  eden space 464896K, 100% used [0x000000076ab00000,0x0000000787100000,0x0000000787100000)
  from space 35328K, 0% used [0x0000000787100000,0x0000000787138000,0x0000000789380000)
  to   space 35840K, 0% used [0x0000000792880000,0x0000000792880000,0x0000000794b80000)
 ParOldGen       total 183296K, used 56783K [0x00000006c0000000, 0x00000006cb300000, 0x000000076ab00000)
  object space 183296K, 30% used [0x00000006c0000000,0x00000006c3773d58,0x00000006cb300000)
 Metaspace       used 25479K, capacity 25915K, committed 26240K, reserved 1073152K
  class space    used 2522K, capacity 2656K, committed 2688K, reserved 1048576K
Event: 70.965 GC heap after
Heap after GC invocations=14 (full 2):
 PSYoungGen      total 613888K, used 224K [0x000000076ab00000, 0x0000000793880000, 0x00000007c0000000)
  eden space 597504K, 0% used [0x000000076ab00000,0x000000076ab00000,0x000000078f280000)
  from space 16384K, 1% used [0x0000000792880000,0x00000007928b8000,0x0000000793880000)
  to   space 35840K, 0% used [0x000000078f280000,0x000000078f280000,0x0000000791580000)
 ParOldGen       total 183296K, used 56815K [0x00000006c0000000, 0x00000006cb300000, 0x000000076ab00000)
  object space 183296K, 30% used [0x00000006c0000000,0x00000006c377bd58,0x00000006cb300000)
 Metaspace       used 25479K, capacity 25915K, committed 26240K, reserved 1073152K
  class space    used 2522K, capacity 2656K, committed 2688K, reserved 1048576K
}
Event: 91.000 GC heap before
{Heap before GC invocations=15 (full 2):
 PSYoungGen      total 613888K, used 597728K [0x000000076ab00000, 0x0000000793880000, 0x00000007c0000000)
  eden space 597504K, 100% used [0x000000076ab00000,0x000000078f280000,0x000000078f280000)
  from space 16384K, 1% used [0x0000000792880000,0x00000007928b8000,0x0000000793880000)
  to   space 35840K, 0% used [0x000000078f280000,0x000000078f280000,0x0000000791580000)
 ParOldGen       total 183296K, used 56815K [0x00000006c0000000, 0x00000006cb300000, 0x000000076ab00000)
  object space 183296K, 30% used [0x00000006c0000000,0x00000006c377bd58,0x00000006cb300000)
 Metaspace       used 25479K, capacity 25915K, committed 26240K, reserved 1073152K
  class space    used 2522K, capacity 2656K, committed 2688K, reserved 1048576K
Event: 91.002 GC heap after
Heap after GC invocations=15 (full 2):
 PSYoungGen      total 633344K, used 224K [0x000000076ab00000, 0x000000079c580000, 0x00000007c0000000)
  eden space 597504K, 0% used [0x000000076ab00000,0x000000076ab00000,0x000000078f280000)
  from space 35840K, 0% used [0x000000078f280000,0x000000078f2b8000,0x0000000791580000)
  to   space 35328K, 0% used [0x000000079a300000,0x000000079a300000,0x000000079c580000)
 ParOldGen       total 183296K, used 56815K [0x00000006c0000000, 0x00000006cb300000, 0x000000076ab00000)
  object space 183296K, 30% used [0x00000006c0000000,0x00000006c377bd58,0x00000006cb300000)
 Metaspace       used 25479K, capacity 25915K, committed 26240K, reserved 1073152K
  class space    used 2522K, capacity 2656K, committed 2688K, reserved 1048576K
}
Event: 111.038 GC heap before
{Heap before GC invocations=16 (full 2):
 PSYoungGen      total 633344K, used 597728K [0x000000076ab00000, 0x000000079c580000, 0x00000007c0000000)
  eden space 597504K, 100% used [0x000000076ab00000,0x000000078f280000,0x000000078f280000)
  from space 35840K, 0% used [0x000000078f280000,0x000000078f2b8000,0x0000000791580000)
  to   space 35328K, 0% used [0x000000079a300000,0x000000079a300000,0x000000079c580000)
 ParOldGen       total 183296K, used 56815K [0x00000006c0000000, 0x00000006cb300000, 0x000000076ab00000)
  object space 183296K, 30% used [0x00000006c0000000,0x00000006c377bd58,0x00000006cb300000)
 Metaspace       used 25479K, capacity 25915K, committed 26240K, reserved 1073152K
  class space    used 2522K, capacity 2656K, committed 2688K, reserved 1048576K
Event: 111.039 GC heap after
Heap after GC invocations=16 (full 2):
 PSYoungGen      total 572928K, used 96K [0x000000076ab00000, 0x000000079a380000, 0x00000007c0000000)
  eden space 572416K, 0% used [0x000000076ab00000,0x000000076ab00000,0x000000078da00000)
  from space 512K, 18% used [0x000000079a300000,0x000000079a318000,0x000000079a380000)
  to   space 34816K, 0% used [0x0000000795f80000,0x0000000795f80000,0x0000000798180000)
 ParOldGen       total 183296K, used 56815K [0x00000006c0000000, 0x00000006cb300000, 0x000000076ab00000)
  object space 183296K, 30% used [0x00000006c0000000,0x00000006c377bd58,0x00000006cb300000)
 Metaspace       used 25479K, capacity 25915K, committed 26240K, reserved 1073152K
  class space    used 2522K, capacity 2656K, committed 2688K, reserved 1048576K
}
Event: 130.241 GC heap before
{Heap before GC invocations=17 (full 2):
 PSYoungGen      total 572928K, used 572512K [0x000000076ab00000, 0x000000079a380000, 0x00000007c0000000)
  eden space 572416K, 100% used [0x000000076ab00000,0x000000078da00000,0x000000078da00000)
  from space 512K, 18% used [0x000000079a300000,0x000000079a318000,0x000000079a380000)
  to   space 34816K, 0% used [0x0000000795f80000,0x0000000795f80000,0x0000000798180000)
 ParOldGen       total 183296K, used 56815K [0x00000006c0000000, 0x00000006cb300000, 0x000000076ab00000)
  object space 183296K, 30% used [0x00000006c0000000,0x00000006c377bd58,0x00000006cb300000)
 Metaspace       used 25479K, capacity 25915K, committed 26240K, reserved 1073152K
  class space    used 2522K, capacity 2656K, committed 2688K, reserved 1048576K
Event: 130.243 GC heap after
Heap after GC invocations=17 (full 2):
 PSYoungGen      total 583168K, used 224K [0x000000076ab00000, 0x000000079a380000, 0x00000007c0000000)
  eden space 548352K, 0% used [0x000000076ab00000,0x000000076ab00000,0x000000078c280000)
  from space 34816K, 0% used [0x0000000795f80000,0x0000000795fb8000,0x0000000798180000)
  to   space 34304K, 0% used [0x0000000798200000,0x0000000798200000,0x000000079a380000)
 ParOldGen       total 183296K, used 56815K [0x00000006c0000000, 0x00000006cb300000, 0x000000076ab00000)
  object space 183296K, 30% used [0x00000006c0000000,0x00000006c377bd58,0x00000006cb300000)
 Metaspace       used 25479K, capacity 25915K, committed 26240K, reserved 1073152K
  class space    used 2522K, capacity 2656K, committed 2688K, reserved 1048576K
}

