# JRE version: Java(TM) SE Runtime Environment (8.0_221-b11) (build 1.8.0_221-b11)
# Java VM: Java HotSpot(TM) 64-Bit Server VM (25.221-b11 mixed mode bsd-amd64 compressed oops)
Heap:
 PSYoungGen      total 547840K, used 30072K [0x000000076ab00000, 0x000000078f480000, 0x00000007c0000000)
  eden space 520192K, 2% used [0x000000076ab00000,0x000000076b58b3b0,0x000000078a700000)
  from space 27648K, 69% used [0x000000078a700000,0x000000078b9d2ec8,0x000000078c200000)
  to   space 28160K, 0% used [0x000000078d900000,0x000000078d900000,0x000000078f480000)
 ParOldGen       total 172032K, used 56006K [0x00000006c0000000, 0x00000006ca800000, 0x000000076ab00000)
  object space 172032K, 32% used [0x00000006c0000000,0x00000006c36b1810,0x00000006ca800000)
 Metaspace       used 27928K, capacity 28313K, committed 28800K, reserved 1075200K
  class space    used 2221K, capacity 2348K, committed 2432K, reserved 1048576K
GC Heap History (10 events):
Event: 25.647 GC heap before
{Heap before GC invocations=16 (full 1):
 PSYoungGen      total 483328K, used 471323K [0x000000076ab00000, 0x000000078a680000, 0x00000007c0000000)
  eden space 460288K, 100% used [0x000000076ab00000,0x0000000786c80000,0x0000000786c80000)
  from space 23040K, 47% used [0x0000000789000000,0x0000000789ac6cf8,0x000000078a680000)
  to   space 29696K, 0% used [0x0000000786c80000,0x0000000786c80000,0x0000000788980000)
 ParOldGen       total 172032K, used 55966K [0x00000006c0000000, 0x00000006ca800000, 0x000000076ab00000)
  object space 172032K, 32% used [0x00000006c0000000,0x00000006c36a7810,0x00000006ca800000)
 Metaspace       used 27616K, capacity 27957K, committed 28288K, reserved 1075200K
  class space    used 2206K, capacity 2314K, committed 2432K, reserved 1048576K
Event: 25.651 GC heap after
Heap after GC invocations=16 (full 1):
 PSYoungGen      total 489984K, used 11146K [0x000000076ab00000, 0x000000078cd00000, 0x00000007c0000000)
  eden space 460288K, 0% used [0x000000076ab00000,0x000000076ab00000,0x0000000786c80000)
  from space 29696K, 37% used [0x0000000786c80000,0x0000000787762b88,0x0000000788980000)
  to   space 28672K, 0% used [0x000000078b100000,0x000000078b100000,0x000000078cd00000)
 ParOldGen       total 172032K, used 55974K [0x00000006c0000000, 0x00000006ca800000, 0x000000076ab00000)
  object space 172032K, 32% used [0x00000006c0000000,0x00000006c36a9810,0x00000006ca800000)
 Metaspace       used 27616K, capacity 27957K, committed 28288K, reserved 1075200K
  class space    used 2206K, capacity 2314K, committed 2432K, reserved 1048576K
}
Event: 28.057 GC heap before
{Heap before GC invocations=17 (full 1):
 PSYoungGen      total 489984K, used 471434K [0x000000076ab00000, 0x000000078cd00000, 0x00000007c0000000)
  eden space 460288K, 100% used [0x000000076ab00000,0x0000000786c80000,0x0000000786c80000)
  from space 29696K, 37% used [0x0000000786c80000,0x0000000787762b88,0x0000000788980000)
  to   space 28672K, 0% used [0x000000078b100000,0x000000078b100000,0x000000078cd00000)
 ParOldGen       total 172032K, used 55974K [0x00000006c0000000, 0x00000006ca800000, 0x000000076ab00000)
  object space 172032K, 32% used [0x00000006c0000000,0x00000006c36a9810,0x00000006ca800000)
 Metaspace       used 27617K, capacity 27957K, committed 28288K, reserved 1075200K
  class space    used 2206K, capacity 2314K, committed 2432K, reserved 1048576K
Event: 28.063 GC heap after
Heap after GC invocations=17 (full 1):
 PSYoungGen      total 520192K, used 11099K [0x000000076ab00000, 0x000000078c700000, 0x00000007c0000000)
  eden space 497664K, 0% used [0x000000076ab00000,0x000000076ab00000,0x0000000789100000)
  from space 22528K, 49% used [0x000000078b100000,0x000000078bbd6cf8,0x000000078c700000)
  to   space 27648K, 0% used [0x0000000789100000,0x0000000789100000,0x000000078ac00000)
 ParOldGen       total 172032K, used 55982K [0x00000006c0000000, 0x00000006ca800000, 0x000000076ab00000)
  object space 172032K, 32% used [0x00000006c0000000,0x00000006c36ab810,0x00000006ca800000)
 Metaspace       used 27617K, capacity 27957K, committed 28288K, reserved 1075200K
  class space    used 2206K, capacity 2314K, committed 2432K, reserved 1048576K
}
Event: 30.631 GC heap before
{Heap before GC invocations=18 (full 1):
 PSYoungGen      total 520192K, used 508763K [0x000000076ab00000, 0x000000078c700000, 0x00000007c0000000)
  eden space 497664K, 100% used [0x000000076ab00000,0x0000000789100000,0x0000000789100000)
  from space 22528K, 49% used [0x000000078b100000,0x000000078bbd6cf8,0x000000078c700000)
  to   space 27648K, 0% used [0x0000000789100000,0x0000000789100000,0x000000078ac00000)
 ParOldGen       total 172032K, used 55982K [0x00000006c0000000, 0x00000006ca800000, 0x000000076ab00000)
  object space 172032K, 32% used [0x00000006c0000000,0x00000006c36ab810,0x00000006ca800000)
 Metaspace       used 27715K, capacity 28085K, committed 28544K, reserved 1075200K
  class space    used 2206K, capacity 2314K, committed 2432K, reserved 1048576K
Event: 30.635 GC heap after
Heap after GC invocations=18 (full 1):
 PSYoungGen      total 525312K, used 14475K [0x000000076ab00000, 0x000000078dc00000, 0x00000007c0000000)
  eden space 497664K, 0% used [0x000000076ab00000,0x000000076ab00000,0x0000000789100000)
  from space 27648K, 52% used [0x0000000789100000,0x0000000789f22c48,0x000000078ac00000)
  to   space 26624K, 0% used [0x000000078c200000,0x000000078c200000,0x000000078dc00000)
 ParOldGen       total 172032K, used 55990K [0x00000006c0000000, 0x00000006ca800000, 0x000000076ab00000)
  object space 172032K, 32% used [0x00000006c0000000,0x00000006c36ad810,0x00000006ca800000)
 Metaspace       used 27715K, capacity 28085K, committed 28544K, reserved 1075200K
  class space    used 2206K, capacity 2314K, committed 2432K, reserved 1048576K
}
Event: 33.151 GC heap before
{Heap before GC invocations=19 (full 1):
 PSYoungGen      total 525312K, used 512139K [0x000000076ab00000, 0x000000078dc00000, 0x00000007c0000000)
  eden space 497664K, 100% used [0x000000076ab00000,0x0000000789100000,0x0000000789100000)
  from space 27648K, 52% used [0x0000000789100000,0x0000000789f22c48,0x000000078ac00000)
  to   space 26624K, 0% used [0x000000078c200000,0x000000078c200000,0x000000078dc00000)
 ParOldGen       total 172032K, used 55990K [0x00000006c0000000, 0x00000006ca800000, 0x000000076ab00000)
  object space 172032K, 32% used [0x00000006c0000000,0x00000006c36ad810,0x00000006ca800000)
 Metaspace       used 27822K, capacity 28213K, committed 28544K, reserved 1075200K
  class space    used 2206K, capacity 2314K, committed 2432K, reserved 1048576K
Event: 33.160 GC heap after
Heap after GC invocations=19 (full 1):
 PSYoungGen      total 546816K, used 19307K [0x000000076ab00000, 0x000000078de80000, 0x00000007c0000000)
  eden space 520192K, 0% used [0x000000076ab00000,0x000000076ab00000,0x000000078a700000)
  from space 26624K, 72% used [0x000000078c200000,0x000000078d4daec8,0x000000078dc00000)
  to   space 27648K, 0% used [0x000000078a700000,0x000000078a700000,0x000000078c200000)
 ParOldGen       total 172032K, used 55998K [0x00000006c0000000, 0x00000006ca800000, 0x000000076ab00000)
  object space 172032K, 32% used [0x00000006c0000000,0x00000006c36af810,0x00000006ca800000)
 Metaspace       used 27822K, capacity 28213K, committed 28544K, reserved 1075200K
  class space    used 2206K, capacity 2314K, committed 2432K, reserved 1048576K
}
Event: 36.109 GC heap before
{Heap before GC invocations=20 (full 1):
 PSYoungGen      total 546816K, used 539499K [0x000000076ab00000, 0x000000078de80000, 0x00000007c0000000)
  eden space 520192K, 100% used [0x000000076ab00000,0x000000078a700000,0x000000078a700000)
  from space 26624K, 72% used [0x000000078c200000,0x000000078d4daec8,0x000000078dc00000)
  to   space 27648K, 0% used [0x000000078a700000,0x000000078a700000,0x000000078c200000)
 ParOldGen       total 172032K, used 55998K [0x00000006c0000000, 0x00000006ca800000, 0x000000076ab00000)
  object space 172032K, 32% used [0x00000006c0000000,0x00000006c36af810,0x00000006ca800000)
 Metaspace       used 27913K, capacity 28313K, committed 28800K, reserved 1075200K
  class space    used 2218K, capacity 2348K, committed 2432K, reserved 1048576K
Event: 36.116 GC heap after
Heap after GC invocations=20 (full 1):
 PSYoungGen      total 547840K, used 19275K [0x000000076ab00000, 0x000000078f480000, 0x00000007c0000000)
  eden space 520192K, 0% used [0x000000076ab00000,0x000000076ab00000,0x000000078a700000)
  from space 27648K, 69% used [0x000000078a700000,0x000000078b9d2ec8,0x000000078c200000)
  to   space 28160K, 0% used [0x000000078d900000,0x000000078d900000,0x000000078f480000)
 ParOldGen       total 172032K, used 56006K [0x00000006c0000000, 0x00000006ca800000, 0x000000076ab00000)
  object space 172032K, 32% used [0x00000006c0000000,0x00000006c36b1810,0x00000006ca800000)
 Metaspace       used 27913K, capacity 28313K, committed 28800K, reserved 1075200K
  class space    used 2218K, capacity 2348K, committed 2432K, reserved 1048576K
}

