# JRE version: Java(TM) SE Runtime Environment (8.0_221-b11) (build 1.8.0_221-b11)
# Java VM: Java HotSpot(TM) 64-Bit Server VM (25.221-b11 mixed mode bsd-amd64 compressed oops)
Heap:
 PSYoungGen      total 293888K, used 41007K [0x000000076ab00000, 0x0000000781f80000, 0x00000007c0000000)
  eden space 274944K, 14% used [0x000000076ab00000,0x000000076d2a3cc0,0x000000077b780000)
  from space 18944K, 2% used [0x000000077b780000,0x000000077b7e8000,0x000000077ca00000)
  to   space 19456K, 0% used [0x0000000780c80000,0x0000000780c80000,0x0000000781f80000)
 ParOldGen       total 86016K, used 28172K [0x00000006c0000000, 0x00000006c5400000, 0x000000076ab00000)
  object space 86016K, 32% used [0x00000006c0000000,0x00000006c1b83220,0x00000006c5400000)
 Metaspace       used 25622K, capacity 25997K, committed 26240K, reserved 1073152K
  class space    used 2545K, capacity 2659K, committed 2688K, reserved 1048576K
GC Heap History (10 events):
Event: 8.859 GC heap before
{Heap before GC invocations=6 (full 1):
 PSYoungGen      total 123392K, used 123389K [0x000000076ab00000, 0x0000000773100000, 0x00000007c0000000)
  eden space 112640K, 100% used [0x000000076ab00000,0x0000000771900000,0x0000000771900000)
  from space 10752K, 99% used [0x0000000772680000,0x00000007730ff4e8,0x0000000773100000)
  to   space 10752K, 0% used [0x0000000771c00000,0x0000000771c00000,0x0000000772680000)
 ParOldGen       total 86016K, used 17343K [0x00000006c0000000, 0x00000006c5400000, 0x000000076ab00000)
  object space 86016K, 20% used [0x00000006c0000000,0x00000006c10efe00,0x00000006c5400000)
 Metaspace       used 24888K, capacity 25319K, committed 25728K, reserved 1073152K
  class space    used 2508K, capacity 2624K, committed 2688K, reserved 1048576K
Event: 8.868 GC heap after
Heap after GC invocations=6 (full 1):
 PSYoungGen      total 126464K, used 10733K [0x000000076ab00000, 0x0000000778600000, 0x00000007c0000000)
  eden space 115712K, 0% used [0x000000076ab00000,0x000000076ab00000,0x0000000771c00000)
  from space 10752K, 99% used [0x0000000771c00000,0x000000077267b4d8,0x0000000772680000)
  to   space 18432K, 0% used [0x0000000777400000,0x0000000777400000,0x0000000778600000)
 ParOldGen       total 86016K, used 17519K [0x00000006c0000000, 0x00000006c5400000, 0x000000076ab00000)
  object space 86016K, 20% used [0x00000006c0000000,0x00000006c111be00,0x00000006c5400000)
 Metaspace       used 24888K, capacity 25319K, committed 25728K, reserved 1073152K
  class space    used 2508K, capacity 2624K, committed 2688K, reserved 1048576K
}
Event: 12.710 GC heap before
{Heap before GC invocations=7 (full 1):
 PSYoungGen      total 126464K, used 126445K [0x000000076ab00000, 0x0000000778600000, 0x00000007c0000000)
  eden space 115712K, 100% used [0x000000076ab00000,0x0000000771c00000,0x0000000771c00000)
  from space 10752K, 99% used [0x0000000771c00000,0x000000077267b4d8,0x0000000772680000)
  to   space 18432K, 0% used [0x0000000777400000,0x0000000777400000,0x0000000778600000)
 ParOldGen       total 86016K, used 17519K [0x00000006c0000000, 0x00000006c5400000, 0x000000076ab00000)
  object space 86016K, 20% used [0x00000006c0000000,0x00000006c111be00,0x00000006c5400000)
 Metaspace       used 24967K, capacity 25383K, committed 25728K, reserved 1073152K
  class space    used 2508K, capacity 2624K, committed 2688K, reserved 1048576K
Event: 12.717 GC heap after
Heap after GC invocations=7 (full 1):
 PSYoungGen      total 201728K, used 10765K [0x000000076ab00000, 0x0000000778380000, 0x00000007c0000000)
  eden space 185856K, 0% used [0x000000076ab00000,0x000000076ab00000,0x0000000776080000)
  from space 15872K, 67% used [0x0000000777400000,0x0000000777e83718,0x0000000778380000)
  to   space 17920K, 0% used [0x0000000776080000,0x0000000776080000,0x0000000777200000)
 ParOldGen       total 86016K, used 17527K [0x00000006c0000000, 0x00000006c5400000, 0x000000076ab00000)
  object space 86016K, 20% used [0x00000006c0000000,0x00000006c111de00,0x00000006c5400000)
 Metaspace       used 24967K, capacity 25383K, committed 25728K, reserved 1073152K
  class space    used 2508K, capacity 2624K, committed 2688K, reserved 1048576K
}
Event: 18.881 GC heap before
{Heap before GC invocations=8 (full 1):
 PSYoungGen      total 201728K, used 196621K [0x000000076ab00000, 0x0000000778380000, 0x00000007c0000000)
  eden space 185856K, 100% used [0x000000076ab00000,0x0000000776080000,0x0000000776080000)
  from space 15872K, 67% used [0x0000000777400000,0x0000000777e83718,0x0000000778380000)
  to   space 17920K, 0% used [0x0000000776080000,0x0000000776080000,0x0000000777200000)
 ParOldGen       total 86016K, used 17527K [0x00000006c0000000, 0x00000006c5400000, 0x000000076ab00000)
  object space 86016K, 20% used [0x00000006c0000000,0x00000006c111de00,0x00000006c5400000)
 Metaspace       used 25139K, capacity 25575K, committed 25984K, reserved 1073152K
  class space    used 2508K, capacity 2624K, committed 2688K, reserved 1048576K
Event: 18.887 GC heap after
Heap after GC invocations=8 (full 1):
 PSYoungGen      total 203776K, used 10797K [0x000000076ab00000, 0x000000077e480000, 0x00000007c0000000)
  eden space 185856K, 0% used [0x000000076ab00000,0x000000076ab00000,0x0000000776080000)
  from space 17920K, 60% used [0x0000000776080000,0x0000000776b0b6f8,0x0000000777200000)
  to   space 17408K, 0% used [0x000000077d380000,0x000000077d380000,0x000000077e480000)
 ParOldGen       total 86016K, used 17535K [0x00000006c0000000, 0x00000006c5400000, 0x000000076ab00000)
  object space 86016K, 20% used [0x00000006c0000000,0x00000006c111fe00,0x00000006c5400000)
 Metaspace       used 25139K, capacity 25575K, committed 25984K, reserved 1073152K
  class space    used 2508K, capacity 2624K, committed 2688K, reserved 1048576K
}
Event: 24.281 GC heap before
{Heap before GC invocations=9 (full 1):
 PSYoungGen      total 203776K, used 196653K [0x000000076ab00000, 0x000000077e480000, 0x00000007c0000000)
  eden space 185856K, 100% used [0x000000076ab00000,0x0000000776080000,0x0000000776080000)
  from space 17920K, 60% used [0x0000000776080000,0x0000000776b0b6f8,0x0000000777200000)
  to   space 17408K, 0% used [0x000000077d380000,0x000000077d380000,0x000000077e480000)
 ParOldGen       total 86016K, used 17535K [0x00000006c0000000, 0x00000006c5400000, 0x000000076ab00000)
  object space 86016K, 20% used [0x00000006c0000000,0x00000006c111fe00,0x00000006c5400000)
 Metaspace       used 25214K, capacity 25639K, committed 25984K, reserved 1073152K
  class space    used 2508K, capacity 2624K, committed 2688K, reserved 1048576K
Event: 24.287 GC heap after
Heap after GC invocations=9 (full 1):
 PSYoungGen      total 284160K, used 256K [0x000000076ab00000, 0x000000077dc80000, 0x00000007c0000000)
  eden space 274944K, 0% used [0x000000076ab00000,0x000000076ab00000,0x000000077b780000)
  from space 9216K, 2% used [0x000000077d380000,0x000000077d3c0000,0x000000077dc80000)
  to   space 18944K, 0% used [0x000000077b780000,0x000000077b780000,0x000000077ca00000)
 ParOldGen       total 86016K, used 28060K [0x00000006c0000000, 0x00000006c5400000, 0x000000076ab00000)
  object space 86016K, 32% used [0x00000006c0000000,0x00000006c1b67220,0x00000006c5400000)
 Metaspace       used 25214K, capacity 25639K, committed 25984K, reserved 1073152K
  class space    used 2508K, capacity 2624K, committed 2688K, reserved 1048576K
}
Event: 30.701 GC heap before
{Heap before GC invocations=10 (full 1):
 PSYoungGen      total 284160K, used 275200K [0x000000076ab00000, 0x000000077dc80000, 0x00000007c0000000)
  eden space 274944K, 100% used [0x000000076ab00000,0x000000077b780000,0x000000077b780000)
  from space 9216K, 2% used [0x000000077d380000,0x000000077d3c0000,0x000000077dc80000)
  to   space 18944K, 0% used [0x000000077b780000,0x000000077b780000,0x000000077ca00000)
 ParOldGen       total 86016K, used 28060K [0x00000006c0000000, 0x00000006c5400000, 0x000000076ab00000)
  object space 86016K, 32% used [0x00000006c0000000,0x00000006c1b67220,0x00000006c5400000)
 Metaspace       used 25418K, capacity 25863K, committed 26240K, reserved 1073152K
  class space    used 2529K, capacity 2656K, committed 2688K, reserved 1048576K
Event: 30.703 GC heap after
Heap after GC invocations=10 (full 1):
 PSYoungGen      total 293888K, used 416K [0x000000076ab00000, 0x0000000781f80000, 0x00000007c0000000)
  eden space 274944K, 0% used [0x000000076ab00000,0x000000076ab00000,0x000000077b780000)
  from space 18944K, 2% used [0x000000077b780000,0x000000077b7e8000,0x000000077ca00000)
  to   space 19456K, 0% used [0x0000000780c80000,0x0000000780c80000,0x0000000781f80000)
 ParOldGen       total 86016K, used 28172K [0x00000006c0000000, 0x00000006c5400000, 0x000000076ab00000)
  object space 86016K, 32% used [0x00000006c0000000,0x00000006c1b83220,0x00000006c5400000)
 Metaspace       used 25418K, capacity 25863K, committed 26240K, reserved 1073152K
  class space    used 2529K, capacity 2656K, committed 2688K, reserved 1048576K
}

