# JRE version: Java(TM) SE Runtime Environment (8.0_221-b11) (build 1.8.0_221-b11)
# Java VM: Java HotSpot(TM) 64-Bit Server VM (25.221-b11 mixed mode bsd-amd64 compressed oops)
Heap:
 PSYoungGen      total 120320K, used 118947K [0x000000076ab00000, 0x0000000777980000, 0x00000007c0000000)
  eden space 109568K, 98% used [0x000000076ab00000,0x00000007714aae78,0x0000000771600000)
  from space 10752K, 99% used [0x0000000771600000,0x000000077207dda0,0x0000000772080000)
  to   space 23552K, 0% used [0x0000000776280000,0x0000000776280000,0x0000000777980000)
 ParOldGen       total 109568K, used 31108K [0x00000006c0000000, 0x00000006c6b00000, 0x000000076ab00000)
  object space 109568K, 28% used [0x00000006c0000000,0x00000006c1e61078,0x00000006c6b00000)
 Metaspace       used 28372K, capacity 28701K, committed 29056K, reserved 1075200K
  class space    used 2221K, capacity 2348K, committed 2432K, reserved 1048576K
GC Heap History (10 events):
Event: 3.406 GC heap before
{Heap before GC invocations=2 (full 0):
 PSYoungGen      total 76288K, used 39735K [0x000000076ab00000, 0x0000000770000000, 0x00000007c0000000)
  eden space 65536K, 46% used [0x000000076ab00000,0x000000076c90efe8,0x000000076eb00000)
  from space 10752K, 83% used [0x000000076eb00000,0x000000076f3bee38,0x000000076f580000)
  to   space 10752K, 0% used [0x000000076f580000,0x000000076f580000,0x0000000770000000)
 ParOldGen       total 175104K, used 80K [0x00000006c0000000, 0x00000006cab00000, 0x000000076ab00000)
  object space 175104K, 0% used [0x00000006c0000000,0x00000006c0014010,0x00000006cab00000)
 Metaspace       used 20784K, capacity 21114K, committed 21296K, reserved 1069056K
  class space    used 2047K, capacity 2150K, committed 2176K, reserved 1048576K
Event: 3.415 GC heap after
Heap after GC invocations=2 (full 0):
 PSYoungGen      total 76288K, used 10720K [0x000000076ab00000, 0x0000000774000000, 0x00000007c0000000)
  eden space 65536K, 0% used [0x000000076ab00000,0x000000076ab00000,0x000000076eb00000)
  from space 10752K, 99% used [0x000000076f580000,0x000000076fff81b0,0x0000000770000000)
  to   space 10752K, 0% used [0x000000076eb00000,0x000000076eb00000,0x000000076f580000)
 ParOldGen       total 175104K, used 6985K [0x00000006c0000000, 0x00000006cab00000, 0x000000076ab00000)
  object space 175104K, 3% used [0x00000006c0000000,0x00000006c06d2710,0x00000006cab00000)
 Metaspace       used 20784K, capacity 21114K, committed 21296K, reserved 1069056K
  class space    used 2047K, capacity 2150K, committed 2176K, reserved 1048576K
}
Event: 3.415 GC heap before
{Heap before GC invocations=3 (full 1):
 PSYoungGen      total 76288K, used 10720K [0x000000076ab00000, 0x0000000774000000, 0x00000007c0000000)
  eden space 65536K, 0% used [0x000000076ab00000,0x000000076ab00000,0x000000076eb00000)
  from space 10752K, 99% used [0x000000076f580000,0x000000076fff81b0,0x0000000770000000)
  to   space 10752K, 0% used [0x000000076eb00000,0x000000076eb00000,0x000000076f580000)
 ParOldGen       total 175104K, used 6985K [0x00000006c0000000, 0x00000006cab00000, 0x000000076ab00000)
  object space 175104K, 3% used [0x00000006c0000000,0x00000006c06d2710,0x00000006cab00000)
 Metaspace       used 20784K, capacity 21114K, committed 21296K, reserved 1069056K
  class space    used 2047K, capacity 2150K, committed 2176K, reserved 1048576K
Event: 3.446 GC heap after
Heap after GC invocations=3 (full 1):
 PSYoungGen      total 76288K, used 0K [0x000000076ab00000, 0x0000000774000000, 0x00000007c0000000)
  eden space 65536K, 0% used [0x000000076ab00000,0x000000076ab00000,0x000000076eb00000)
  from space 10752K, 0% used [0x000000076f580000,0x000000076f580000,0x0000000770000000)
  to   space 10752K, 0% used [0x000000076eb00000,0x000000076eb00000,0x000000076f580000)
 ParOldGen       total 109568K, used 17602K [0x00000006c0000000, 0x00000006c6b00000, 0x000000076ab00000)
  object space 109568K, 16% used [0x00000006c0000000,0x00000006c11308d8,0x00000006c6b00000)
 Metaspace       used 20784K, capacity 21114K, committed 21296K, reserved 1069056K
  class space    used 2047K, capacity 2150K, committed 2176K, reserved 1048576K
}
Event: 6.343 GC heap before
{Heap before GC invocations=4 (full 1):
 PSYoungGen      total 76288K, used 65536K [0x000000076ab00000, 0x0000000774000000, 0x00000007c0000000)
  eden space 65536K, 100% used [0x000000076ab00000,0x000000076eb00000,0x000000076eb00000)
  from space 10752K, 0% used [0x000000076f580000,0x000000076f580000,0x0000000770000000)
  to   space 10752K, 0% used [0x000000076eb00000,0x000000076eb00000,0x000000076f580000)
 ParOldGen       total 109568K, used 17602K [0x00000006c0000000, 0x00000006c6b00000, 0x000000076ab00000)
  object space 109568K, 16% used [0x00000006c0000000,0x00000006c11308d8,0x00000006c6b00000)
 Metaspace       used 27345K, capacity 27705K, committed 28032K, reserved 1075200K
  class space    used 2205K, capacity 2314K, committed 2432K, reserved 1048576K
Event: 6.354 GC heap after
Heap after GC invocations=4 (full 1):
 PSYoungGen      total 76288K, used 9869K [0x000000076ab00000, 0x0000000772b00000, 0x00000007c0000000)
  eden space 65536K, 0% used [0x000000076ab00000,0x000000076ab00000,0x000000076eb00000)
  from space 10752K, 91% used [0x000000076eb00000,0x000000076f4a34a0,0x000000076f580000)
  to   space 10752K, 0% used [0x0000000772080000,0x0000000772080000,0x0000000772b00000)
 ParOldGen       total 109568K, used 17610K [0x00000006c0000000, 0x00000006c6b00000, 0x000000076ab00000)
  object space 109568K, 16% used [0x00000006c0000000,0x00000006c11328d8,0x00000006c6b00000)
 Metaspace       used 27345K, capacity 27705K, committed 28032K, reserved 1075200K
  class space    used 2205K, capacity 2314K, committed 2432K, reserved 1048576K
}
Event: 11.159 GC heap before
{Heap before GC invocations=5 (full 1):
 PSYoungGen      total 76288K, used 75405K [0x000000076ab00000, 0x0000000772b00000, 0x00000007c0000000)
  eden space 65536K, 100% used [0x000000076ab00000,0x000000076eb00000,0x000000076eb00000)
  from space 10752K, 91% used [0x000000076eb00000,0x000000076f4a34a0,0x000000076f580000)
  to   space 10752K, 0% used [0x0000000772080000,0x0000000772080000,0x0000000772b00000)
 ParOldGen       total 109568K, used 17610K [0x00000006c0000000, 0x00000006c6b00000, 0x000000076ab00000)
  object space 109568K, 16% used [0x00000006c0000000,0x00000006c11328d8,0x00000006c6b00000)
 Metaspace       used 27704K, capacity 28089K, committed 28544K, reserved 1075200K
  class space    used 2205K, capacity 2314K, committed 2432K, reserved 1048576K
Event: 11.165 GC heap after
Heap after GC invocations=5 (full 1):
 PSYoungGen      total 116736K, used 10743K [0x000000076ab00000, 0x0000000772b00000, 0x00000007c0000000)
  eden space 105984K, 0% used [0x000000076ab00000,0x000000076ab00000,0x0000000771280000)
  from space 10752K, 99% used [0x0000000772080000,0x0000000772afddc0,0x0000000772b00000)
  to   space 10752K, 0% used [0x0000000771600000,0x0000000771600000,0x0000000772080000)
 ParOldGen       total 109568K, used 21107K [0x00000006c0000000, 0x00000006c6b00000, 0x000000076ab00000)
  object space 109568K, 19% used [0x00000006c0000000,0x00000006c149ce08,0x00000006c6b00000)
 Metaspace       used 27704K, capacity 28089K, committed 28544K, reserved 1075200K
  class space    used 2205K, capacity 2314K, committed 2432K, reserved 1048576K
}
Event: 18.977 GC heap before
{Heap before GC invocations=6 (full 1):
 PSYoungGen      total 116736K, used 116727K [0x000000076ab00000, 0x0000000772b00000, 0x00000007c0000000)
  eden space 105984K, 100% used [0x000000076ab00000,0x0000000771280000,0x0000000771280000)
  from space 10752K, 99% used [0x0000000772080000,0x0000000772afddc0,0x0000000772b00000)
  to   space 10752K, 0% used [0x0000000771600000,0x0000000771600000,0x0000000772080000)
 ParOldGen       total 109568K, used 21107K [0x00000006c0000000, 0x00000006c6b00000, 0x000000076ab00000)
  object space 109568K, 19% used [0x00000006c0000000,0x00000006c149ce08,0x00000006c6b00000)
 Metaspace       used 28071K, capacity 28409K, committed 28800K, reserved 1075200K
  class space    used 2206K, capacity 2314K, committed 2432K, reserved 1048576K
Event: 18.987 GC heap after
Heap after GC invocations=6 (full 1):
 PSYoungGen      total 120320K, used 10743K [0x000000076ab00000, 0x0000000777980000, 0x00000007c0000000)
  eden space 109568K, 0% used [0x000000076ab00000,0x000000076ab00000,0x0000000771600000)
  from space 10752K, 99% used [0x0000000771600000,0x000000077207dda0,0x0000000772080000)
  to   space 23552K, 0% used [0x0000000776280000,0x0000000776280000,0x0000000777980000)
 ParOldGen       total 109568K, used 31108K [0x00000006c0000000, 0x00000006c6b00000, 0x000000076ab00000)
  object space 109568K, 28% used [0x00000006c0000000,0x00000006c1e61078,0x00000006c6b00000)
 Metaspace       used 28071K, capacity 28409K, committed 28800K, reserved 1075200K
  class space    used 2206K, capacity 2314K, committed 2432K, reserved 1048576K
}

