# JRE version: Java(TM) SE Runtime Environment (8.0_221-b11) (build 1.8.0_221-b11)
# Java VM: Java HotSpot(TM) 64-Bit Server VM (25.221-b11 mixed mode bsd-amd64 compressed oops)
Heap:
 PSYoungGen      total 76288K, used 52263K [0x000000076ab00000, 0x0000000772e80000, 0x00000007c0000000)
  eden space 65536K, 63% used [0x000000076ab00000,0x000000076d38f3d0,0x000000076eb00000)
  from space 10752K, 99% used [0x000000076eb00000,0x000000076f57ab58,0x000000076f580000)
  to   space 10752K, 0% used [0x0000000772400000,0x0000000772400000,0x0000000772e80000)
 ParOldGen       total 103936K, used 17108K [0x00000006c0000000, 0x00000006c6580000, 0x000000076ab00000)
  object space 103936K, 16% used [0x00000006c0000000,0x00000006c10b5208,0x00000006c6580000)
 Metaspace       used 27747K, capacity 28125K, committed 28544K, reserved 1075200K
  class space    used 2220K, capacity 2348K, committed 2432K, reserved 1048576K
GC Heap History (8 events):
Event: 3.308 GC heap before
{Heap before GC invocations=1 (full 0):
 PSYoungGen      total 76288K, used 63833K [0x000000076ab00000, 0x0000000770000000, 0x00000007c0000000)
  eden space 65536K, 97% used [0x000000076ab00000,0x000000076e956508,0x000000076eb00000)
  from space 10752K, 0% used [0x000000076f580000,0x000000076f580000,0x0000000770000000)
  to   space 10752K, 0% used [0x000000076eb00000,0x000000076eb00000,0x000000076f580000)
 ParOldGen       total 175104K, used 0K [0x00000006c0000000, 0x00000006cab00000, 0x000000076ab00000)
  object space 175104K, 0% used [0x00000006c0000000,0x00000006c0000000,0x00000006cab00000)
 Metaspace       used 19443K, capacity 19781K, committed 20096K, reserved 1067008K
  class space    used 2007K, capacity 2118K, committed 2176K, reserved 1048576K
Event: 3.317 GC heap after
Heap after GC invocations=1 (full 0):
 PSYoungGen      total 76288K, used 10750K [0x000000076ab00000, 0x0000000770000000, 0x00000007c0000000)
  eden space 65536K, 0% used [0x000000076ab00000,0x000000076ab00000,0x000000076eb00000)
  from space 10752K, 99% used [0x000000076eb00000,0x000000076f57f820,0x000000076f580000)
  to   space 10752K, 0% used [0x000000076f580000,0x000000076f580000,0x0000000770000000)
 ParOldGen       total 175104K, used 642K [0x00000006c0000000, 0x00000006cab00000, 0x000000076ab00000)
  object space 175104K, 0% used [0x00000006c0000000,0x00000006c00a0b48,0x00000006cab00000)
 Metaspace       used 19443K, capacity 19781K, committed 20096K, reserved 1067008K
  class space    used 2007K, capacity 2118K, committed 2176K, reserved 1048576K
}
Event: 3.436 GC heap before
{Heap before GC invocations=2 (full 0):
 PSYoungGen      total 76288K, used 35622K [0x000000076ab00000, 0x0000000770000000, 0x00000007c0000000)
  eden space 65536K, 37% used [0x000000076ab00000,0x000000076c349ff0,0x000000076eb00000)
  from space 10752K, 99% used [0x000000076eb00000,0x000000076f57f820,0x000000076f580000)
  to   space 10752K, 0% used [0x000000076f580000,0x000000076f580000,0x0000000770000000)
 ParOldGen       total 175104K, used 642K [0x00000006c0000000, 0x00000006cab00000, 0x000000076ab00000)
  object space 175104K, 0% used [0x00000006c0000000,0x00000006c00a0b48,0x00000006cab00000)
 Metaspace       used 20750K, capacity 21114K, committed 21296K, reserved 1069056K
  class space    used 2047K, capacity 2150K, committed 2176K, reserved 1048576K
Event: 3.446 GC heap after
Heap after GC invocations=2 (full 0):
 PSYoungGen      total 76288K, used 10749K [0x000000076ab00000, 0x0000000774000000, 0x00000007c0000000)
  eden space 65536K, 0% used [0x000000076ab00000,0x000000076ab00000,0x000000076eb00000)
  from space 10752K, 99% used [0x000000076f580000,0x000000076ffff4a0,0x0000000770000000)
  to   space 10752K, 0% used [0x000000076eb00000,0x000000076eb00000,0x000000076f580000)
 ParOldGen       total 175104K, used 6694K [0x00000006c0000000, 0x00000006cab00000, 0x000000076ab00000)
  object space 175104K, 3% used [0x00000006c0000000,0x00000006c0689ad0,0x00000006cab00000)
 Metaspace       used 20750K, capacity 21114K, committed 21296K, reserved 1069056K
  class space    used 2047K, capacity 2150K, committed 2176K, reserved 1048576K
}
Event: 3.446 GC heap before
{Heap before GC invocations=3 (full 1):
 PSYoungGen      total 76288K, used 10749K [0x000000076ab00000, 0x0000000774000000, 0x00000007c0000000)
  eden space 65536K, 0% used [0x000000076ab00000,0x000000076ab00000,0x000000076eb00000)
  from space 10752K, 99% used [0x000000076f580000,0x000000076ffff4a0,0x0000000770000000)
  to   space 10752K, 0% used [0x000000076eb00000,0x000000076eb00000,0x000000076f580000)
 ParOldGen       total 175104K, used 6694K [0x00000006c0000000, 0x00000006cab00000, 0x000000076ab00000)
  object space 175104K, 3% used [0x00000006c0000000,0x00000006c0689ad0,0x00000006cab00000)
 Metaspace       used 20750K, capacity 21114K, committed 21296K, reserved 1069056K
  class space    used 2047K, capacity 2150K, committed 2176K, reserved 1048576K
Event: 3.485 GC heap after
Heap after GC invocations=3 (full 1):
 PSYoungGen      total 76288K, used 0K [0x000000076ab00000, 0x0000000774000000, 0x00000007c0000000)
  eden space 65536K, 0% used [0x000000076ab00000,0x000000076ab00000,0x000000076eb00000)
  from space 10752K, 0% used [0x000000076f580000,0x000000076f580000,0x0000000770000000)
  to   space 10752K, 0% used [0x000000076eb00000,0x000000076eb00000,0x000000076f580000)
 ParOldGen       total 103936K, used 16792K [0x00000006c0000000, 0x00000006c6580000, 0x000000076ab00000)
  object space 103936K, 16% used [0x00000006c0000000,0x00000006c1066180,0x00000006c6580000)
 Metaspace       used 20750K, capacity 21114K, committed 21296K, reserved 1069056K
  class space    used 2047K, capacity 2150K, committed 2176K, reserved 1048576K
}
Event: 6.388 GC heap before
{Heap before GC invocations=4 (full 1):
 PSYoungGen      total 76288K, used 65536K [0x000000076ab00000, 0x0000000774000000, 0x00000007c0000000)
  eden space 65536K, 100% used [0x000000076ab00000,0x000000076eb00000,0x000000076eb00000)
  from space 10752K, 0% used [0x000000076f580000,0x000000076f580000,0x0000000770000000)
  to   space 10752K, 0% used [0x000000076eb00000,0x000000076eb00000,0x000000076f580000)
 ParOldGen       total 103936K, used 16792K [0x00000006c0000000, 0x00000006c6580000, 0x000000076ab00000)
  object space 103936K, 16% used [0x00000006c0000000,0x00000006c1066180,0x00000006c6580000)
 Metaspace       used 27341K, capacity 27699K, committed 28032K, reserved 1075200K
  class space    used 2204K, capacity 2313K, committed 2432K, reserved 1048576K
Event: 6.394 GC heap after
Heap after GC invocations=4 (full 1):
 PSYoungGen      total 76288K, used 10730K [0x000000076ab00000, 0x0000000772e80000, 0x00000007c0000000)
  eden space 65536K, 0% used [0x000000076ab00000,0x000000076ab00000,0x000000076eb00000)
  from space 10752K, 99% used [0x000000076eb00000,0x000000076f57ab58,0x000000076f580000)
  to   space 10752K, 0% used [0x0000000772400000,0x0000000772400000,0x0000000772e80000)
 ParOldGen       total 103936K, used 17108K [0x00000006c0000000, 0x00000006c6580000, 0x000000076ab00000)
  object space 103936K, 16% used [0x00000006c0000000,0x00000006c10b5208,0x00000006c6580000)
 Metaspace       used 27341K, capacity 27699K, committed 28032K, reserved 1075200K
  class space    used 2204K, capacity 2313K, committed 2432K, reserved 1048576K
}

