# JRE version: Java(TM) SE Runtime Environment (8.0_221-b11) (build 1.8.0_221-b11)
# Java VM: Java HotSpot(TM) 64-Bit Server VM (25.221-b11 mixed mode bsd-amd64 compressed oops)
Heap:
 PSYoungGen      total 76288K, used 31512K [0x000000076ab00000, 0x0000000772c00000, 0x00000007c0000000)
  eden space 65536K, 31% used [0x000000076ab00000,0x000000076bf4b6b0,0x000000076eb00000)
  from space 10752K, 99% used [0x000000076eb00000,0x000000076f57ab58,0x000000076f580000)
  to   space 10752K, 0% used [0x0000000772180000,0x0000000772180000,0x0000000772c00000)
 ParOldGen       total 105472K, used 17509K [0x00000006c0000000, 0x00000006c6700000, 0x000000076ab00000)
  object space 105472K, 16% used [0x00000006c0000000,0x00000006c1119420,0x00000006c6700000)
 Metaspace       used 27637K, capacity 27999K, committed 28288K, reserved 1075200K
  class space    used 2222K, capacity 2349K, committed 2432K, reserved 1048576K
GC Heap History (8 events):
Event: 3.389 GC heap before
{Heap before GC invocations=1 (full 0):
 PSYoungGen      total 76288K, used 64047K [0x000000076ab00000, 0x0000000770000000, 0x00000007c0000000)
  eden space 65536K, 97% used [0x000000076ab00000,0x000000076e98bcb0,0x000000076eb00000)
  from space 10752K, 0% used [0x000000076f580000,0x000000076f580000,0x0000000770000000)
  to   space 10752K, 0% used [0x000000076eb00000,0x000000076eb00000,0x000000076f580000)
 ParOldGen       total 175104K, used 0K [0x00000006c0000000, 0x00000006cab00000, 0x000000076ab00000)
  object space 175104K, 0% used [0x00000006c0000000,0x00000006c0000000,0x00000006cab00000)
 Metaspace       used 19364K, capacity 19677K, committed 20096K, reserved 1067008K
  class space    used 1995K, capacity 2084K, committed 2176K, reserved 1048576K
Event: 3.399 GC heap after
Heap after GC invocations=1 (full 0):
 PSYoungGen      total 76288K, used 10734K [0x000000076ab00000, 0x0000000770000000, 0x00000007c0000000)
  eden space 65536K, 0% used [0x000000076ab00000,0x000000076ab00000,0x000000076eb00000)
  from space 10752K, 99% used [0x000000076eb00000,0x000000076f57bb88,0x000000076f580000)
  to   space 10752K, 0% used [0x000000076f580000,0x000000076f580000,0x0000000770000000)
 ParOldGen       total 175104K, used 614K [0x00000006c0000000, 0x00000006cab00000, 0x000000076ab00000)
  object space 175104K, 0% used [0x00000006c0000000,0x00000006c0099930,0x00000006cab00000)
 Metaspace       used 19364K, capacity 19677K, committed 20096K, reserved 1067008K
  class space    used 1995K, capacity 2084K, committed 2176K, reserved 1048576K
}
Event: 3.529 GC heap before
{Heap before GC invocations=2 (full 0):
 PSYoungGen      total 76288K, used 36293K [0x000000076ab00000, 0x0000000770000000, 0x00000007c0000000)
  eden space 65536K, 38% used [0x000000076ab00000,0x000000076c3f58d8,0x000000076eb00000)
  from space 10752K, 99% used [0x000000076eb00000,0x000000076f57bb88,0x000000076f580000)
  to   space 10752K, 0% used [0x000000076f580000,0x000000076f580000,0x0000000770000000)
 ParOldGen       total 175104K, used 614K [0x00000006c0000000, 0x00000006cab00000, 0x000000076ab00000)
  object space 175104K, 0% used [0x00000006c0000000,0x00000006c0099930,0x00000006cab00000)
 Metaspace       used 20744K, capacity 21106K, committed 21296K, reserved 1069056K
  class space    used 2034K, capacity 2148K, committed 2176K, reserved 1048576K
Event: 3.540 GC heap after
Heap after GC invocations=2 (full 0):
 PSYoungGen      total 76288K, used 10733K [0x000000076ab00000, 0x0000000774000000, 0x00000007c0000000)
  eden space 65536K, 0% used [0x000000076ab00000,0x000000076ab00000,0x000000076eb00000)
  from space 10752K, 99% used [0x000000076f580000,0x000000076fffb4b0,0x0000000770000000)
  to   space 10752K, 0% used [0x000000076eb00000,0x000000076eb00000,0x000000076f580000)
 ParOldGen       total 175104K, used 6590K [0x00000006c0000000, 0x00000006cab00000, 0x000000076ab00000)
  object space 175104K, 3% used [0x00000006c0000000,0x00000006c066fa78,0x00000006cab00000)
 Metaspace       used 20744K, capacity 21106K, committed 21296K, reserved 1069056K
  class space    used 2034K, capacity 2148K, committed 2176K, reserved 1048576K
}
Event: 3.540 GC heap before
{Heap before GC invocations=3 (full 1):
 PSYoungGen      total 76288K, used 10733K [0x000000076ab00000, 0x0000000774000000, 0x00000007c0000000)
  eden space 65536K, 0% used [0x000000076ab00000,0x000000076ab00000,0x000000076eb00000)
  from space 10752K, 99% used [0x000000076f580000,0x000000076fffb4b0,0x0000000770000000)
  to   space 10752K, 0% used [0x000000076eb00000,0x000000076eb00000,0x000000076f580000)
 ParOldGen       total 175104K, used 6590K [0x00000006c0000000, 0x00000006cab00000, 0x000000076ab00000)
  object space 175104K, 3% used [0x00000006c0000000,0x00000006c066fa78,0x00000006cab00000)
 Metaspace       used 20744K, capacity 21106K, committed 21296K, reserved 1069056K
  class space    used 2034K, capacity 2148K, committed 2176K, reserved 1048576K
Event: 3.584 GC heap after
Heap after GC invocations=3 (full 1):
 PSYoungGen      total 76288K, used 0K [0x000000076ab00000, 0x0000000774000000, 0x00000007c0000000)
  eden space 65536K, 0% used [0x000000076ab00000,0x000000076ab00000,0x000000076eb00000)
  from space 10752K, 0% used [0x000000076f580000,0x000000076f580000,0x0000000770000000)
  to   space 10752K, 0% used [0x000000076eb00000,0x000000076eb00000,0x000000076f580000)
 ParOldGen       total 105472K, used 16630K [0x00000006c0000000, 0x00000006c6700000, 0x000000076ab00000)
  object space 105472K, 15% used [0x00000006c0000000,0x00000006c103da70,0x00000006c6700000)
 Metaspace       used 20744K, capacity 21106K, committed 21296K, reserved 1069056K
  class space    used 2034K, capacity 2148K, committed 2176K, reserved 1048576K
}
Event: 6.522 GC heap before
{Heap before GC invocations=4 (full 1):
 PSYoungGen      total 76288K, used 65286K [0x000000076ab00000, 0x0000000774000000, 0x00000007c0000000)
  eden space 65536K, 99% used [0x000000076ab00000,0x000000076eac1998,0x000000076eb00000)
  from space 10752K, 0% used [0x000000076f580000,0x000000076f580000,0x0000000770000000)
  to   space 10752K, 0% used [0x000000076eb00000,0x000000076eb00000,0x000000076f580000)
 ParOldGen       total 105472K, used 16886K [0x00000006c0000000, 0x00000006c6700000, 0x000000076ab00000)
  object space 105472K, 16% used [0x00000006c0000000,0x00000006c107da80,0x00000006c6700000)
 Metaspace       used 27374K, capacity 27803K, committed 28288K, reserved 1075200K
  class space    used 2208K, capacity 2347K, committed 2432K, reserved 1048576K
Event: 6.529 GC heap after
Heap after GC invocations=4 (full 1):
 PSYoungGen      total 76288K, used 10730K [0x000000076ab00000, 0x0000000772c00000, 0x00000007c0000000)
  eden space 65536K, 0% used [0x000000076ab00000,0x000000076ab00000,0x000000076eb00000)
  from space 10752K, 99% used [0x000000076eb00000,0x000000076f57ab58,0x000000076f580000)
  to   space 10752K, 0% used [0x0000000772180000,0x0000000772180000,0x0000000772c00000)
 ParOldGen       total 105472K, used 17509K [0x00000006c0000000, 0x00000006c6700000, 0x000000076ab00000)
  object space 105472K, 16% used [0x00000006c0000000,0x00000006c1119420,0x00000006c6700000)
 Metaspace       used 27374K, capacity 27803K, committed 28288K, reserved 1075200K
  class space    used 2208K, capacity 2347K, committed 2432K, reserved 1048576K
}

