# JRE version: Java(TM) SE Runtime Environment (8.0_221-b11) (build 1.8.0_221-b11)
# Java VM: Java HotSpot(TM) 64-Bit Server VM (25.221-b11 mixed mode bsd-amd64 compressed oops)
Heap:
 PSYoungGen      total 76288K, used 42698K [0x000000076ab00000, 0x0000000772c80000, 0x00000007c0000000)
  eden space 65536K, 48% used [0x000000076ab00000,0x000000076ca33018,0x000000076eb00000)
  from space 10752K, 99% used [0x000000076eb00000,0x000000076f57f810,0x000000076f580000)
  to   space 10752K, 0% used [0x0000000772200000,0x0000000772200000,0x0000000772c80000)
 ParOldGen       total 108032K, used 17631K [0x00000006c0000000, 0x00000006c6980000, 0x000000076ab00000)
  object space 108032K, 16% used [0x00000006c0000000,0x00000006c1137fa0,0x00000006c6980000)
 Metaspace       used 27789K, capacity 28189K, committed 28544K, reserved 1075200K
  class space    used 2222K, capacity 2348K, committed 2432K, reserved 1048576K
GC Heap History (8 events):
Event: 3.263 GC heap before
{Heap before GC invocations=1 (full 0):
 PSYoungGen      total 76288K, used 64187K [0x000000076ab00000, 0x0000000770000000, 0x00000007c0000000)
  eden space 65536K, 97% used [0x000000076ab00000,0x000000076e9aec68,0x000000076eb00000)
  from space 10752K, 0% used [0x000000076f580000,0x000000076f580000,0x0000000770000000)
  to   space 10752K, 0% used [0x000000076eb00000,0x000000076eb00000,0x000000076f580000)
 ParOldGen       total 175104K, used 0K [0x00000006c0000000, 0x00000006cab00000, 0x000000076ab00000)
  object space 175104K, 0% used [0x00000006c0000000,0x00000006c0000000,0x00000006cab00000)
 Metaspace       used 19458K, capacity 19845K, committed 20096K, reserved 1067008K
  class space    used 2004K, capacity 2118K, committed 2176K, reserved 1048576K
Event: 3.271 GC heap after
Heap after GC invocations=1 (full 0):
 PSYoungGen      total 76288K, used 8990K [0x000000076ab00000, 0x0000000770000000, 0x00000007c0000000)
  eden space 65536K, 0% used [0x000000076ab00000,0x000000076ab00000,0x000000076eb00000)
  from space 10752K, 83% used [0x000000076eb00000,0x000000076f3c7b68,0x000000076f580000)
  to   space 10752K, 0% used [0x000000076f580000,0x000000076f580000,0x0000000770000000)
 ParOldGen       total 175104K, used 88K [0x00000006c0000000, 0x00000006cab00000, 0x000000076ab00000)
  object space 175104K, 0% used [0x00000006c0000000,0x00000006c0016010,0x00000006cab00000)
 Metaspace       used 19458K, capacity 19845K, committed 20096K, reserved 1067008K
  class space    used 2004K, capacity 2118K, committed 2176K, reserved 1048576K
}
Event: 3.422 GC heap before
{Heap before GC invocations=2 (full 0):
 PSYoungGen      total 76288K, used 37389K [0x000000076ab00000, 0x0000000770000000, 0x00000007c0000000)
  eden space 65536K, 43% used [0x000000076ab00000,0x000000076c6bb9b8,0x000000076eb00000)
  from space 10752K, 83% used [0x000000076eb00000,0x000000076f3c7b68,0x000000076f580000)
  to   space 10752K, 0% used [0x000000076f580000,0x000000076f580000,0x0000000770000000)
 ParOldGen       total 175104K, used 88K [0x00000006c0000000, 0x00000006cab00000, 0x000000076ab00000)
  object space 175104K, 0% used [0x00000006c0000000,0x00000006c0016010,0x00000006cab00000)
 Metaspace       used 20775K, capacity 21114K, committed 21296K, reserved 1069056K
  class space    used 2050K, capacity 2150K, committed 2176K, reserved 1048576K
Event: 3.433 GC heap after
Heap after GC invocations=2 (full 0):
 PSYoungGen      total 76288K, used 10720K [0x000000076ab00000, 0x0000000774000000, 0x00000007c0000000)
  eden space 65536K, 0% used [0x000000076ab00000,0x000000076ab00000,0x000000076eb00000)
  from space 10752K, 99% used [0x000000076f580000,0x000000076fff8190,0x0000000770000000)
  to   space 10752K, 0% used [0x000000076eb00000,0x000000076eb00000,0x000000076f580000)
 ParOldGen       total 175104K, used 6971K [0x00000006c0000000, 0x00000006cab00000, 0x000000076ab00000)
  object space 175104K, 3% used [0x00000006c0000000,0x00000006c06cece8,0x00000006cab00000)
 Metaspace       used 20775K, capacity 21114K, committed 21296K, reserved 1069056K
  class space    used 2050K, capacity 2150K, committed 2176K, reserved 1048576K
}
Event: 3.433 GC heap before
{Heap before GC invocations=3 (full 1):
 PSYoungGen      total 76288K, used 10720K [0x000000076ab00000, 0x0000000774000000, 0x00000007c0000000)
  eden space 65536K, 0% used [0x000000076ab00000,0x000000076ab00000,0x000000076eb00000)
  from space 10752K, 99% used [0x000000076f580000,0x000000076fff8190,0x0000000770000000)
  to   space 10752K, 0% used [0x000000076eb00000,0x000000076eb00000,0x000000076f580000)
 ParOldGen       total 175104K, used 6971K [0x00000006c0000000, 0x00000006cab00000, 0x000000076ab00000)
  object space 175104K, 3% used [0x00000006c0000000,0x00000006c06cece8,0x00000006cab00000)
 Metaspace       used 20775K, capacity 21114K, committed 21296K, reserved 1069056K
  class space    used 2050K, capacity 2150K, committed 2176K, reserved 1048576K
Event: 3.466 GC heap after
Heap after GC invocations=3 (full 1):
 PSYoungGen      total 76288K, used 0K [0x000000076ab00000, 0x0000000774000000, 0x00000007c0000000)
  eden space 65536K, 0% used [0x000000076ab00000,0x000000076ab00000,0x000000076eb00000)
  from space 10752K, 0% used [0x000000076f580000,0x000000076f580000,0x0000000770000000)
  to   space 10752K, 0% used [0x000000076eb00000,0x000000076eb00000,0x000000076f580000)
 ParOldGen       total 108032K, used 17574K [0x00000006c0000000, 0x00000006c6980000, 0x000000076ab00000)
  object space 108032K, 16% used [0x00000006c0000000,0x00000006c1129b38,0x00000006c6980000)
 Metaspace       used 20775K, capacity 21114K, committed 21296K, reserved 1069056K
  class space    used 2050K, capacity 2150K, committed 2176K, reserved 1048576K
}
Event: 6.139 GC heap before
{Heap before GC invocations=4 (full 1):
 PSYoungGen      total 76288K, used 65536K [0x000000076ab00000, 0x0000000774000000, 0x00000007c0000000)
  eden space 65536K, 100% used [0x000000076ab00000,0x000000076eb00000,0x000000076eb00000)
  from space 10752K, 0% used [0x000000076f580000,0x000000076f580000,0x0000000770000000)
  to   space 10752K, 0% used [0x000000076eb00000,0x000000076eb00000,0x000000076f580000)
 ParOldGen       total 108032K, used 17574K [0x00000006c0000000, 0x00000006c6980000, 0x000000076ab00000)
  object space 108032K, 16% used [0x00000006c0000000,0x00000006c1129b38,0x00000006c6980000)
 Metaspace       used 27403K, capacity 27737K, committed 28032K, reserved 1075200K
  class space    used 2208K, capacity 2346K, committed 2432K, reserved 1048576K
Event: 6.146 GC heap after
Heap after GC invocations=4 (full 1):
 PSYoungGen      total 76288K, used 10750K [0x000000076ab00000, 0x0000000772c80000, 0x00000007c0000000)
  eden space 65536K, 0% used [0x000000076ab00000,0x000000076ab00000,0x000000076eb00000)
  from space 10752K, 99% used [0x000000076eb00000,0x000000076f57f810,0x000000076f580000)
  to   space 10752K, 0% used [0x0000000772200000,0x0000000772200000,0x0000000772c80000)
 ParOldGen       total 108032K, used 17631K [0x00000006c0000000, 0x00000006c6980000, 0x000000076ab00000)
  object space 108032K, 16% used [0x00000006c0000000,0x00000006c1137fa0,0x00000006c6980000)
 Metaspace       used 27403K, capacity 27737K, committed 28032K, reserved 1075200K
  class space    used 2208K, capacity 2346K, committed 2432K, reserved 1048576K
}

