# JRE version: Java(TM) SE Runtime Environment (8.0_221-b11) (build 1.8.0_221-b11)
# Java VM: Java HotSpot(TM) 64-Bit Server VM (25.221-b11 mixed mode bsd-amd64 compressed oops)
Heap:
 PSYoungGen      total 216576K, used 30578K [0x000000076ab00000, 0x0000000779500000, 0x00000007c0000000)
  eden space 203776K, 9% used [0x000000076ab00000,0x000000076be65478,0x0000000777200000)
  from space 12800K, 83% used [0x0000000778880000,0x00000007792f7758,0x0000000779500000)
  to   space 17920K, 0% used [0x0000000777200000,0x0000000777200000,0x0000000778380000)
 ParOldGen       total 82944K, used 17691K [0x00000006c0000000, 0x00000006c5100000, 0x000000076ab00000)
  object space 82944K, 21% used [0x00000006c0000000,0x00000006c1146dd8,0x00000006c5100000)
 Metaspace       used 25328K, capacity 25753K, committed 26240K, reserved 1073152K
  class space    used 2540K, capacity 2663K, committed 2688K, reserved 1048576K
GC Heap History (10 events):
Event: 3.356 GC heap before
{Heap before GC invocations=3 (full 1):
 PSYoungGen      total 76288K, used 7056K [0x000000076ab00000, 0x0000000774000000, 0x00000007c0000000)
  eden space 65536K, 0% used [0x000000076ab00000,0x000000076ab00000,0x000000076eb00000)
  from space 10752K, 65% used [0x000000076f580000,0x000000076fc64070,0x0000000770000000)
  to   space 10752K, 0% used [0x000000076eb00000,0x000000076eb00000,0x000000076f580000)
 ParOldGen       total 175104K, used 32K [0x00000006c0000000, 0x00000006cab00000, 0x000000076ab00000)
  object space 175104K, 0% used [0x00000006c0000000,0x00000006c0008000,0x00000006cab00000)
 Metaspace       used 20632K, capacity 21045K, committed 21248K, reserved 1069056K
  class space    used 2153K, capacity 2295K, committed 2304K, reserved 1048576K
Event: 3.383 GC heap after
Heap after GC invocations=3 (full 1):
 PSYoungGen      total 76288K, used 0K [0x000000076ab00000, 0x0000000774000000, 0x00000007c0000000)
  eden space 65536K, 0% used [0x000000076ab00000,0x000000076ab00000,0x000000076eb00000)
  from space 10752K, 0% used [0x000000076f580000,0x000000076f580000,0x0000000770000000)
  to   space 10752K, 0% used [0x000000076eb00000,0x000000076eb00000,0x000000076f580000)
 ParOldGen       total 82944K, used 6915K [0x00000006c0000000, 0x00000006c5100000, 0x000000076ab00000)
  object space 82944K, 8% used [0x00000006c0000000,0x00000006c06c0eb8,0x00000006c5100000)
 Metaspace       used 20632K, capacity 21045K, committed 21248K, reserved 1069056K
  class space    used 2153K, capacity 2295K, committed 2304K, reserved 1048576K
}
Event: 4.072 GC heap before
{Heap before GC invocations=4 (full 1):
 PSYoungGen      total 76288K, used 65536K [0x000000076ab00000, 0x0000000774000000, 0x00000007c0000000)
  eden space 65536K, 100% used [0x000000076ab00000,0x000000076eb00000,0x000000076eb00000)
  from space 10752K, 0% used [0x000000076f580000,0x000000076f580000,0x0000000770000000)
  to   space 10752K, 0% used [0x000000076eb00000,0x000000076eb00000,0x000000076f580000)
 ParOldGen       total 82944K, used 6915K [0x00000006c0000000, 0x00000006c5100000, 0x000000076ab00000)
  object space 82944K, 8% used [0x00000006c0000000,0x00000006c06c0eb8,0x00000006c5100000)
 Metaspace       used 24085K, capacity 24487K, committed 24960K, reserved 1071104K
  class space    used 2471K, capacity 2586K, committed 2688K, reserved 1048576K
Event: 4.080 GC heap after
Heap after GC invocations=4 (full 1):
 PSYoungGen      total 76288K, used 10730K [0x000000076ab00000, 0x0000000773400000, 0x00000007c0000000)
  eden space 65536K, 0% used [0x000000076ab00000,0x000000076ab00000,0x000000076eb00000)
  from space 10752K, 99% used [0x000000076eb00000,0x000000076f57aab8,0x000000076f580000)
  to   space 10752K, 0% used [0x0000000772980000,0x0000000772980000,0x0000000773400000)
 ParOldGen       total 82944K, used 13839K [0x00000006c0000000, 0x00000006c5100000, 0x000000076ab00000)
  object space 82944K, 16% used [0x00000006c0000000,0x00000006c0d83f20,0x00000006c5100000)
 Metaspace       used 24085K, capacity 24487K, committed 24960K, reserved 1071104K
  class space    used 2471K, capacity 2586K, committed 2688K, reserved 1048576K
}
Event: 4.284 GC heap before
{Heap before GC invocations=5 (full 1):
 PSYoungGen      total 76288K, used 76266K [0x000000076ab00000, 0x0000000773400000, 0x00000007c0000000)
  eden space 65536K, 100% used [0x000000076ab00000,0x000000076eb00000,0x000000076eb00000)
  from space 10752K, 99% used [0x000000076eb00000,0x000000076f57aab8,0x000000076f580000)
  to   space 10752K, 0% used [0x0000000772980000,0x0000000772980000,0x0000000773400000)
 ParOldGen       total 82944K, used 13839K [0x00000006c0000000, 0x00000006c5100000, 0x000000076ab00000)
  object space 82944K, 16% used [0x00000006c0000000,0x00000006c0d83f20,0x00000006c5100000)
 Metaspace       used 24428K, capacity 24877K, committed 25216K, reserved 1071104K
  class space    used 2503K, capacity 2627K, committed 2688K, reserved 1048576K
Event: 4.290 GC heap after
Heap after GC invocations=5 (full 1):
 PSYoungGen      total 129024K, used 10731K [0x000000076ab00000, 0x0000000773400000, 0x00000007c0000000)
  eden space 118272K, 0% used [0x000000076ab00000,0x000000076ab00000,0x0000000771e80000)
  from space 10752K, 99% used [0x0000000772980000,0x00000007733facf8,0x0000000773400000)
  to   space 10752K, 0% used [0x0000000771f00000,0x0000000771f00000,0x0000000772980000)
 ParOldGen       total 82944K, used 14135K [0x00000006c0000000, 0x00000006c5100000, 0x000000076ab00000)
  object space 82944K, 17% used [0x00000006c0000000,0x00000006c0dcdd10,0x00000006c5100000)
 Metaspace       used 24428K, capacity 24877K, committed 25216K, reserved 1071104K
  class space    used 2503K, capacity 2627K, committed 2688K, reserved 1048576K
}
Event: 6.195 GC heap before
{Heap before GC invocations=6 (full 1):
 PSYoungGen      total 129024K, used 129003K [0x000000076ab00000, 0x0000000773400000, 0x00000007c0000000)
  eden space 118272K, 100% used [0x000000076ab00000,0x0000000771e80000,0x0000000771e80000)
  from space 10752K, 99% used [0x0000000772980000,0x00000007733facf8,0x0000000773400000)
  to   space 10752K, 0% used [0x0000000771f00000,0x0000000771f00000,0x0000000772980000)
 ParOldGen       total 82944K, used 14135K [0x00000006c0000000, 0x00000006c5100000, 0x000000076ab00000)
  object space 82944K, 17% used [0x00000006c0000000,0x00000006c0dcdd10,0x00000006c5100000)
 Metaspace       used 24909K, capacity 25363K, committed 25728K, reserved 1073152K
  class space    used 2525K, capacity 2660K, committed 2688K, reserved 1048576K
Event: 6.201 GC heap after
Heap after GC invocations=6 (full 1):
 PSYoungGen      total 129536K, used 10720K [0x000000076ab00000, 0x0000000779a80000, 0x00000007c0000000)
  eden space 118784K, 0% used [0x000000076ab00000,0x000000076ab00000,0x0000000771f00000)
  from space 10752K, 99% used [0x0000000771f00000,0x00000007729782b0,0x0000000772980000)
  to   space 18432K, 0% used [0x0000000778880000,0x0000000778880000,0x0000000779a80000)
 ParOldGen       total 82944K, used 17683K [0x00000006c0000000, 0x00000006c5100000, 0x000000076ab00000)
  object space 82944K, 21% used [0x00000006c0000000,0x00000006c1144dd8,0x00000006c5100000)
 Metaspace       used 24909K, capacity 25363K, committed 25728K, reserved 1073152K
  class space    used 2525K, capacity 2660K, committed 2688K, reserved 1048576K
}
Event: 8.793 GC heap before
{Heap before GC invocations=7 (full 1):
 PSYoungGen      total 129536K, used 129504K [0x000000076ab00000, 0x0000000779a80000, 0x00000007c0000000)
  eden space 118784K, 100% used [0x000000076ab00000,0x0000000771f00000,0x0000000771f00000)
  from space 10752K, 99% used [0x0000000771f00000,0x00000007729782b0,0x0000000772980000)
  to   space 18432K, 0% used [0x0000000778880000,0x0000000778880000,0x0000000779a80000)
 ParOldGen       total 82944K, used 17683K [0x00000006c0000000, 0x00000006c5100000, 0x000000076ab00000)
  object space 82944K, 21% used [0x00000006c0000000,0x00000006c1144dd8,0x00000006c5100000)
 Metaspace       used 25113K, capacity 25555K, committed 25984K, reserved 1073152K
  class space    used 2525K, capacity 2660K, committed 2688K, reserved 1048576K
Event: 8.803 GC heap after
Heap after GC invocations=7 (full 1):
 PSYoungGen      total 216576K, used 10717K [0x000000076ab00000, 0x0000000779500000, 0x00000007c0000000)
  eden space 203776K, 0% used [0x000000076ab00000,0x000000076ab00000,0x0000000777200000)
  from space 12800K, 83% used [0x0000000778880000,0x00000007792f7758,0x0000000779500000)
  to   space 17920K, 0% used [0x0000000777200000,0x0000000777200000,0x0000000778380000)
 ParOldGen       total 82944K, used 17691K [0x00000006c0000000, 0x00000006c5100000, 0x000000076ab00000)
  object space 82944K, 21% used [0x00000006c0000000,0x00000006c1146dd8,0x00000006c5100000)
 Metaspace       used 25113K, capacity 25555K, committed 25984K, reserved 1073152K
  class space    used 2525K, capacity 2660K, committed 2688K, reserved 1048576K
}

