# JRE version: Java(TM) SE Runtime Environment (8.0_221-b11) (build 1.8.0_221-b11)
# Java VM: Java HotSpot(TM) 64-Bit Server VM (25.221-b11 mixed mode bsd-amd64 compressed oops)
Heap:
 PSYoungGen      total 76288K, used 51273K [0x000000076ab00000, 0x0000000773880000, 0x00000007c0000000)
  eden space 65536K, 61% used [0x000000076ab00000,0x000000076d2940e8,0x000000076eb00000)
  from space 10752K, 99% used [0x000000076eb00000,0x000000076f57e580,0x000000076f580000)
  to   space 10752K, 0% used [0x0000000772e00000,0x0000000772e00000,0x0000000773880000)
 ParOldGen       total 95232K, used 17461K [0x00000006c0000000, 0x00000006c5d00000, 0x000000076ab00000)
  object space 95232K, 18% used [0x00000006c0000000,0x00000006c110d600,0x00000006c5d00000)
 Metaspace       used 27628K, capacity 28013K, committed 28544K, reserved 1075200K
  class space    used 2209K, capacity 2314K, committed 2432K, reserved 1048576K
GC Heap History (8 events):
Event: 3.902 GC heap before
{Heap before GC invocations=1 (full 0):
 PSYoungGen      total 76288K, used 65518K [0x000000076ab00000, 0x0000000770000000, 0x00000007c0000000)
  eden space 65536K, 99% used [0x000000076ab00000,0x000000076eafba98,0x000000076eb00000)
  from space 10752K, 0% used [0x000000076f580000,0x000000076f580000,0x0000000770000000)
  to   space 10752K, 0% used [0x000000076eb00000,0x000000076eb00000,0x000000076f580000)
 ParOldGen       total 175104K, used 0K [0x00000006c0000000, 0x00000006cab00000, 0x000000076ab00000)
  object space 175104K, 0% used [0x00000006c0000000,0x00000006c0000000,0x00000006cab00000)
 Metaspace       used 19746K, capacity 20149K, committed 20352K, reserved 1067008K
  class space    used 2029K, capacity 2116K, committed 2176K, reserved 1048576K
Event: 3.913 GC heap after
Heap after GC invocations=1 (full 0):
 PSYoungGen      total 76288K, used 10725K [0x000000076ab00000, 0x0000000770000000, 0x00000007c0000000)
  eden space 65536K, 0% used [0x000000076ab00000,0x000000076ab00000,0x000000076eb00000)
  from space 10752K, 99% used [0x000000076eb00000,0x000000076f579620,0x000000076f580000)
  to   space 10752K, 0% used [0x000000076f580000,0x000000076f580000,0x0000000770000000)
 ParOldGen       total 175104K, used 3745K [0x00000006c0000000, 0x00000006cab00000, 0x000000076ab00000)
  object space 175104K, 2% used [0x00000006c0000000,0x00000006c03a85c8,0x00000006cab00000)
 Metaspace       used 19746K, capacity 20149K, committed 20352K, reserved 1067008K
  class space    used 2029K, capacity 2116K, committed 2176K, reserved 1048576K
}
Event: 3.952 GC heap before
{Heap before GC invocations=2 (full 0):
 PSYoungGen      total 76288K, used 32588K [0x000000076ab00000, 0x0000000770000000, 0x00000007c0000000)
  eden space 65536K, 33% used [0x000000076ab00000,0x000000076c059ca0,0x000000076eb00000)
  from space 10752K, 99% used [0x000000076eb00000,0x000000076f579620,0x000000076f580000)
  to   space 10752K, 0% used [0x000000076f580000,0x000000076f580000,0x0000000770000000)
 ParOldGen       total 175104K, used 3745K [0x00000006c0000000, 0x00000006cab00000, 0x000000076ab00000)
  object space 175104K, 2% used [0x00000006c0000000,0x00000006c03a85c8,0x00000006cab00000)
 Metaspace       used 20712K, capacity 21066K, committed 21296K, reserved 1069056K
  class space    used 2034K, capacity 2116K, committed 2176K, reserved 1048576K
Event: 3.961 GC heap after
Heap after GC invocations=2 (full 0):
 PSYoungGen      total 76288K, used 10722K [0x000000076ab00000, 0x0000000774000000, 0x00000007c0000000)
  eden space 65536K, 0% used [0x000000076ab00000,0x000000076ab00000,0x000000076eb00000)
  from space 10752K, 99% used [0x000000076f580000,0x000000076fff8b30,0x0000000770000000)
  to   space 10752K, 0% used [0x000000076eb00000,0x000000076eb00000,0x000000076f580000)
 ParOldGen       total 175104K, used 9383K [0x00000006c0000000, 0x00000006cab00000, 0x000000076ab00000)
  object space 175104K, 5% used [0x00000006c0000000,0x00000006c0929e60,0x00000006cab00000)
 Metaspace       used 20712K, capacity 21066K, committed 21296K, reserved 1069056K
  class space    used 2034K, capacity 2116K, committed 2176K, reserved 1048576K
}
Event: 3.961 GC heap before
{Heap before GC invocations=3 (full 1):
 PSYoungGen      total 76288K, used 10722K [0x000000076ab00000, 0x0000000774000000, 0x00000007c0000000)
  eden space 65536K, 0% used [0x000000076ab00000,0x000000076ab00000,0x000000076eb00000)
  from space 10752K, 99% used [0x000000076f580000,0x000000076fff8b30,0x0000000770000000)
  to   space 10752K, 0% used [0x000000076eb00000,0x000000076eb00000,0x000000076f580000)
 ParOldGen       total 175104K, used 9383K [0x00000006c0000000, 0x00000006cab00000, 0x000000076ab00000)
  object space 175104K, 5% used [0x00000006c0000000,0x00000006c0929e60,0x00000006cab00000)
 Metaspace       used 20712K, capacity 21066K, committed 21296K, reserved 1069056K
  class space    used 2034K, capacity 2116K, committed 2176K, reserved 1048576K
Event: 3.993 GC heap after
Heap after GC invocations=3 (full 1):
 PSYoungGen      total 76288K, used 0K [0x000000076ab00000, 0x0000000774000000, 0x00000007c0000000)
  eden space 65536K, 0% used [0x000000076ab00000,0x000000076ab00000,0x000000076eb00000)
  from space 10752K, 0% used [0x000000076f580000,0x000000076f580000,0x0000000770000000)
  to   space 10752K, 0% used [0x000000076eb00000,0x000000076eb00000,0x000000076f580000)
 ParOldGen       total 95232K, used 17196K [0x00000006c0000000, 0x00000006c5d00000, 0x000000076ab00000)
  object space 95232K, 18% used [0x00000006c0000000,0x00000006c10cb008,0x00000006c5d00000)
 Metaspace       used 20712K, capacity 21066K, committed 21296K, reserved 1069056K
  class space    used 2034K, capacity 2116K, committed 2176K, reserved 1048576K
}
Event: 7.589 GC heap before
{Heap before GC invocations=4 (full 1):
 PSYoungGen      total 76288K, used 65536K [0x000000076ab00000, 0x0000000774000000, 0x00000007c0000000)
  eden space 65536K, 100% used [0x000000076ab00000,0x000000076eb00000,0x000000076eb00000)
  from space 10752K, 0% used [0x000000076f580000,0x000000076f580000,0x0000000770000000)
  to   space 10752K, 0% used [0x000000076eb00000,0x000000076eb00000,0x000000076f580000)
 ParOldGen       total 95232K, used 17196K [0x00000006c0000000, 0x00000006c5d00000, 0x000000076ab00000)
  object space 95232K, 18% used [0x00000006c0000000,0x00000006c10cb008,0x00000006c5d00000)
 Metaspace       used 27237K, capacity 27619K, committed 28032K, reserved 1075200K
  class space    used 2194K, capacity 2311K, committed 2432K, reserved 1048576K
Event: 7.597 GC heap after
Heap after GC invocations=4 (full 1):
 PSYoungGen      total 76288K, used 10745K [0x000000076ab00000, 0x0000000773880000, 0x00000007c0000000)
  eden space 65536K, 0% used [0x000000076ab00000,0x000000076ab00000,0x000000076eb00000)
  from space 10752K, 99% used [0x000000076eb00000,0x000000076f57e580,0x000000076f580000)
  to   space 10752K, 0% used [0x0000000772e00000,0x0000000772e00000,0x0000000773880000)
 ParOldGen       total 95232K, used 17461K [0x00000006c0000000, 0x00000006c5d00000, 0x000000076ab00000)
  object space 95232K, 18% used [0x00000006c0000000,0x00000006c110d600,0x00000006c5d00000)
 Metaspace       used 27237K, capacity 27619K, committed 28032K, reserved 1075200K
  class space    used 2194K, capacity 2311K, committed 2432K, reserved 1048576K
}

