# JRE version: Java(TM) SE Runtime Environment (8.0_221-b11) (build 1.8.0_221-b11)
# Java VM: Java HotSpot(TM) 64-Bit Server VM (25.221-b11 mixed mode bsd-amd64 compressed oops)
Heap:
 PSYoungGen      total 76288K, used 23713K [0x000000076ab00000, 0x0000000773000000, 0x00000007c0000000)
  eden space 65536K, 19% used [0x000000076ab00000,0x000000076b7adf80,0x000000076eb00000)
  from space 10752K, 99% used [0x000000076eb00000,0x000000076f57a6f0,0x000000076f580000)
  to   space 10752K, 0% used [0x0000000772580000,0x0000000772580000,0x0000000773000000)
 ParOldGen       total 102912K, used 17029K [0x00000006c0000000, 0x00000006c6480000, 0x000000076ab00000)
  object space 102912K, 16% used [0x00000006c0000000,0x00000006c10a1408,0x00000006c6480000)
 Metaspace       used 27658K, capacity 27997K, committed 28288K, reserved 1075200K
  class space    used 2226K, capacity 2348K, committed 2432K, reserved 1048576K
GC Heap History (8 events):
Event: 3.385 GC heap before
{Heap before GC invocations=1 (full 0):
 PSYoungGen      total 76288K, used 65153K [0x000000076ab00000, 0x0000000770000000, 0x00000007c0000000)
  eden space 65536K, 99% used [0x000000076ab00000,0x000000076eaa06b8,0x000000076eb00000)
  from space 10752K, 0% used [0x000000076f580000,0x000000076f580000,0x0000000770000000)
  to   space 10752K, 0% used [0x000000076eb00000,0x000000076eb00000,0x000000076f580000)
 ParOldGen       total 175104K, used 0K [0x00000006c0000000, 0x00000006cab00000, 0x000000076ab00000)
  object space 175104K, 0% used [0x00000006c0000000,0x00000006c0000000,0x00000006cab00000)
 Metaspace       used 19493K, capacity 19845K, committed 20096K, reserved 1067008K
  class space    used 2014K, capacity 2118K, committed 2176K, reserved 1048576K
Event: 3.395 GC heap after
Heap after GC invocations=1 (full 0):
 PSYoungGen      total 76288K, used 10744K [0x000000076ab00000, 0x0000000770000000, 0x00000007c0000000)
  eden space 65536K, 0% used [0x000000076ab00000,0x000000076ab00000,0x000000076eb00000)
  from space 10752K, 99% used [0x000000076eb00000,0x000000076f57e130,0x000000076f580000)
  to   space 10752K, 0% used [0x000000076f580000,0x000000076f580000,0x0000000770000000)
 ParOldGen       total 175104K, used 684K [0x00000006c0000000, 0x00000006cab00000, 0x000000076ab00000)
  object space 175104K, 0% used [0x00000006c0000000,0x00000006c00ab0b8,0x00000006cab00000)
 Metaspace       used 19493K, capacity 19845K, committed 20096K, reserved 1067008K
  class space    used 2014K, capacity 2118K, committed 2176K, reserved 1048576K
}
Event: 3.510 GC heap before
{Heap before GC invocations=2 (full 0):
 PSYoungGen      total 76288K, used 33513K [0x000000076ab00000, 0x0000000770000000, 0x00000007c0000000)
  eden space 65536K, 34% used [0x000000076ab00000,0x000000076c13c468,0x000000076eb00000)
  from space 10752K, 99% used [0x000000076eb00000,0x000000076f57e130,0x000000076f580000)
  to   space 10752K, 0% used [0x000000076f580000,0x000000076f580000,0x0000000770000000)
 ParOldGen       total 175104K, used 684K [0x00000006c0000000, 0x00000006cab00000, 0x000000076ab00000)
  object space 175104K, 0% used [0x00000006c0000000,0x00000006c00ab0b8,0x00000006cab00000)
 Metaspace       used 20662K, capacity 21018K, committed 21272K, reserved 1069056K
  class space    used 2066K, capacity 2182K, committed 2304K, reserved 1048576K
Event: 3.519 GC heap after
Heap after GC invocations=2 (full 0):
 PSYoungGen      total 76288K, used 10738K [0x000000076ab00000, 0x0000000774000000, 0x00000007c0000000)
  eden space 65536K, 0% used [0x000000076ab00000,0x000000076ab00000,0x000000076eb00000)
  from space 10752K, 99% used [0x000000076f580000,0x000000076fffc820,0x0000000770000000)
  to   space 10752K, 0% used [0x000000076eb00000,0x000000076eb00000,0x000000076f580000)
 ParOldGen       total 175104K, used 6775K [0x00000006c0000000, 0x00000006cab00000, 0x000000076ab00000)
  object space 175104K, 3% used [0x00000006c0000000,0x00000006c069dc08,0x00000006cab00000)
 Metaspace       used 20662K, capacity 21018K, committed 21272K, reserved 1069056K
  class space    used 2066K, capacity 2182K, committed 2304K, reserved 1048576K
}
Event: 3.519 GC heap before
{Heap before GC invocations=3 (full 1):
 PSYoungGen      total 76288K, used 10738K [0x000000076ab00000, 0x0000000774000000, 0x00000007c0000000)
  eden space 65536K, 0% used [0x000000076ab00000,0x000000076ab00000,0x000000076eb00000)
  from space 10752K, 99% used [0x000000076f580000,0x000000076fffc820,0x0000000770000000)
  to   space 10752K, 0% used [0x000000076eb00000,0x000000076eb00000,0x000000076f580000)
 ParOldGen       total 175104K, used 6775K [0x00000006c0000000, 0x00000006cab00000, 0x000000076ab00000)
  object space 175104K, 3% used [0x00000006c0000000,0x00000006c069dc08,0x00000006cab00000)
 Metaspace       used 20662K, capacity 21018K, committed 21272K, reserved 1069056K
  class space    used 2066K, capacity 2182K, committed 2304K, reserved 1048576K
Event: 3.549 GC heap after
Heap after GC invocations=3 (full 1):
 PSYoungGen      total 76288K, used 0K [0x000000076ab00000, 0x0000000774000000, 0x00000007c0000000)
  eden space 65536K, 0% used [0x000000076ab00000,0x000000076ab00000,0x000000076eb00000)
  from space 10752K, 0% used [0x000000076f580000,0x000000076f580000,0x0000000770000000)
  to   space 10752K, 0% used [0x000000076eb00000,0x000000076eb00000,0x000000076f580000)
 ParOldGen       total 102912K, used 16775K [0x00000006c0000000, 0x00000006c6480000, 0x000000076ab00000)
  object space 102912K, 16% used [0x00000006c0000000,0x00000006c1061f18,0x00000006c6480000)
 Metaspace       used 20662K, capacity 21018K, committed 21272K, reserved 1069056K
  class space    used 2066K, capacity 2182K, committed 2304K, reserved 1048576K
}
Event: 6.757 GC heap before
{Heap before GC invocations=4 (full 1):
 PSYoungGen      total 76288K, used 65536K [0x000000076ab00000, 0x0000000774000000, 0x00000007c0000000)
  eden space 65536K, 100% used [0x000000076ab00000,0x000000076eb00000,0x000000076eb00000)
  from space 10752K, 0% used [0x000000076f580000,0x000000076f580000,0x0000000770000000)
  to   space 10752K, 0% used [0x000000076eb00000,0x000000076eb00000,0x000000076f580000)
 ParOldGen       total 102912K, used 16775K [0x00000006c0000000, 0x00000006c6480000, 0x000000076ab00000)
  object space 102912K, 16% used [0x00000006c0000000,0x00000006c1061f18,0x00000006c6480000)
 Metaspace       used 27423K, capacity 27801K, committed 28288K, reserved 1075200K
  class space    used 2213K, capacity 2346K, committed 2432K, reserved 1048576K
Event: 6.767 GC heap after
Heap after GC invocations=4 (full 1):
 PSYoungGen      total 76288K, used 10729K [0x000000076ab00000, 0x0000000773000000, 0x00000007c0000000)
  eden space 65536K, 0% used [0x000000076ab00000,0x000000076ab00000,0x000000076eb00000)
  from space 10752K, 99% used [0x000000076eb00000,0x000000076f57a6f0,0x000000076f580000)
  to   space 10752K, 0% used [0x0000000772580000,0x0000000772580000,0x0000000773000000)
 ParOldGen       total 102912K, used 17029K [0x00000006c0000000, 0x00000006c6480000, 0x000000076ab00000)
  object space 102912K, 16% used [0x00000006c0000000,0x00000006c10a1408,0x00000006c6480000)
 Metaspace       used 27423K, capacity 27801K, committed 28288K, reserved 1075200K
  class space    used 2213K, capacity 2346K, committed 2432K, reserved 1048576K
}

