# JRE version: Java(TM) SE Runtime Environment (8.0_221-b11) (build 1.8.0_221-b11)
# Java VM: Java HotSpot(TM) 64-Bit Server VM (25.221-b11 mixed mode bsd-amd64 compressed oops)
Heap:
 PSYoungGen      total 112640K, used 48356K [0x000000076ab00000, 0x0000000772780000, 0x00000007c0000000)
  eden space 101888K, 36% used [0x000000076ab00000,0x000000076cfbe780,0x0000000770e80000)
  from space 10752K, 99% used [0x0000000771d00000,0x000000077277ab68,0x0000000772780000)
  to   space 10752K, 0% used [0x0000000771280000,0x0000000771280000,0x0000000771d00000)
 ParOldGen       total 112640K, used 17794K [0x00000006c0000000, 0x00000006c6e00000, 0x000000076ab00000)
  object space 112640K, 15% used [0x00000006c0000000,0x00000006c1160838,0x00000006c6e00000)
 Metaspace       used 27798K, capacity 28175K, committed 28544K, reserved 1075200K
  class space    used 2218K, capacity 2349K, committed 2432K, reserved 1048576K
GC Heap History (10 events):
Event: 3.747 GC heap before
{Heap before GC invocations=1 (full 0):
 PSYoungGen      total 76288K, used 63994K [0x000000076ab00000, 0x0000000770000000, 0x00000007c0000000)
  eden space 65536K, 97% used [0x000000076ab00000,0x000000076e97ea48,0x000000076eb00000)
  from space 10752K, 0% used [0x000000076f580000,0x000000076f580000,0x0000000770000000)
  to   space 10752K, 0% used [0x000000076eb00000,0x000000076eb00000,0x000000076f580000)
 ParOldGen       total 175104K, used 0K [0x00000006c0000000, 0x00000006cab00000, 0x000000076ab00000)
  object space 175104K, 0% used [0x00000006c0000000,0x00000006c0000000,0x00000006cab00000)
 Metaspace       used 19458K, capacity 19797K, committed 20096K, reserved 1067008K
  class space    used 1998K, capacity 2086K, committed 2176K, reserved 1048576K
Event: 3.757 GC heap after
Heap after GC invocations=1 (full 0):
 PSYoungGen      total 76288K, used 8973K [0x000000076ab00000, 0x0000000770000000, 0x00000007c0000000)
  eden space 65536K, 0% used [0x000000076ab00000,0x000000076ab00000,0x000000076eb00000)
  from space 10752K, 83% used [0x000000076eb00000,0x000000076f3c3770,0x000000076f580000)
  to   space 10752K, 0% used [0x000000076f580000,0x000000076f580000,0x0000000770000000)
 ParOldGen       total 175104K, used 88K [0x00000006c0000000, 0x00000006cab00000, 0x000000076ab00000)
  object space 175104K, 0% used [0x00000006c0000000,0x00000006c0016010,0x00000006cab00000)
 Metaspace       used 19458K, capacity 19797K, committed 20096K, reserved 1067008K
  class space    used 1998K, capacity 2086K, committed 2176K, reserved 1048576K
}
Event: 3.951 GC heap before
{Heap before GC invocations=2 (full 0):
 PSYoungGen      total 76288K, used 38199K [0x000000076ab00000, 0x0000000770000000, 0x00000007c0000000)
  eden space 65536K, 44% used [0x000000076ab00000,0x000000076c78a758,0x000000076eb00000)
  from space 10752K, 83% used [0x000000076eb00000,0x000000076f3c3770,0x000000076f580000)
  to   space 10752K, 0% used [0x000000076f580000,0x000000076f580000,0x0000000770000000)
 ParOldGen       total 175104K, used 88K [0x00000006c0000000, 0x00000006cab00000, 0x000000076ab00000)
  object space 175104K, 0% used [0x00000006c0000000,0x00000006c0016010,0x00000006cab00000)
 Metaspace       used 20847K, capacity 21226K, committed 21296K, reserved 1069056K
  class space    used 2044K, capacity 2150K, committed 2176K, reserved 1048576K
Event: 3.962 GC heap after
Heap after GC invocations=2 (full 0):
 PSYoungGen      total 76288K, used 10749K [0x000000076ab00000, 0x0000000774000000, 0x00000007c0000000)
  eden space 65536K, 0% used [0x000000076ab00000,0x000000076ab00000,0x000000076eb00000)
  from space 10752K, 99% used [0x000000076f580000,0x000000076ffff510,0x0000000770000000)
  to   space 10752K, 0% used [0x000000076eb00000,0x000000076eb00000,0x000000076f580000)
 ParOldGen       total 175104K, used 6935K [0x00000006c0000000, 0x00000006cab00000, 0x000000076ab00000)
  object space 175104K, 3% used [0x00000006c0000000,0x00000006c06c5c18,0x00000006cab00000)
 Metaspace       used 20847K, capacity 21226K, committed 21296K, reserved 1069056K
  class space    used 2044K, capacity 2150K, committed 2176K, reserved 1048576K
}
Event: 3.962 GC heap before
{Heap before GC invocations=3 (full 1):
 PSYoungGen      total 76288K, used 10749K [0x000000076ab00000, 0x0000000774000000, 0x00000007c0000000)
  eden space 65536K, 0% used [0x000000076ab00000,0x000000076ab00000,0x000000076eb00000)
  from space 10752K, 99% used [0x000000076f580000,0x000000076ffff510,0x0000000770000000)
  to   space 10752K, 0% used [0x000000076eb00000,0x000000076eb00000,0x000000076f580000)
 ParOldGen       total 175104K, used 6935K [0x00000006c0000000, 0x00000006cab00000, 0x000000076ab00000)
  object space 175104K, 3% used [0x00000006c0000000,0x00000006c06c5c18,0x00000006cab00000)
 Metaspace       used 20847K, capacity 21226K, committed 21296K, reserved 1069056K
  class space    used 2044K, capacity 2150K, committed 2176K, reserved 1048576K
Event: 4.009 GC heap after
Heap after GC invocations=3 (full 1):
 PSYoungGen      total 76288K, used 0K [0x000000076ab00000, 0x0000000774000000, 0x00000007c0000000)
  eden space 65536K, 0% used [0x000000076ab00000,0x000000076ab00000,0x000000076eb00000)
  from space 10752K, 0% used [0x000000076f580000,0x000000076f580000,0x0000000770000000)
  to   space 10752K, 0% used [0x000000076eb00000,0x000000076eb00000,0x000000076f580000)
 ParOldGen       total 112640K, used 17589K [0x00000006c0000000, 0x00000006c6e00000, 0x000000076ab00000)
  object space 112640K, 15% used [0x00000006c0000000,0x00000006c112d608,0x00000006c6e00000)
 Metaspace       used 20847K, capacity 21226K, committed 21296K, reserved 1069056K
  class space    used 2044K, capacity 2150K, committed 2176K, reserved 1048576K
}
Event: 6.783 GC heap before
{Heap before GC invocations=4 (full 1):
 PSYoungGen      total 76288K, used 65536K [0x000000076ab00000, 0x0000000774000000, 0x00000007c0000000)
  eden space 65536K, 100% used [0x000000076ab00000,0x000000076eb00000,0x000000076eb00000)
  from space 10752K, 0% used [0x000000076f580000,0x000000076f580000,0x0000000770000000)
  to   space 10752K, 0% used [0x000000076eb00000,0x000000076eb00000,0x000000076f580000)
 ParOldGen       total 112640K, used 17589K [0x00000006c0000000, 0x00000006c6e00000, 0x000000076ab00000)
  object space 112640K, 15% used [0x00000006c0000000,0x00000006c112d608,0x00000006c6e00000)
 Metaspace       used 27375K, capacity 27753K, committed 28032K, reserved 1075200K
  class space    used 2201K, capacity 2314K, committed 2432K, reserved 1048576K
Event: 6.792 GC heap after
Heap after GC invocations=4 (full 1):
 PSYoungGen      total 76288K, used 10742K [0x000000076ab00000, 0x0000000772780000, 0x00000007c0000000)
  eden space 65536K, 0% used [0x000000076ab00000,0x000000076ab00000,0x000000076eb00000)
  from space 10752K, 99% used [0x000000076eb00000,0x000000076f57db08,0x000000076f580000)
  to   space 10752K, 0% used [0x0000000771d00000,0x0000000771d00000,0x0000000772780000)
 ParOldGen       total 112640K, used 17597K [0x00000006c0000000, 0x00000006c6e00000, 0x000000076ab00000)
  object space 112640K, 15% used [0x00000006c0000000,0x00000006c112f608,0x00000006c6e00000)
 Metaspace       used 27375K, capacity 27753K, committed 28032K, reserved 1075200K
  class space    used 2201K, capacity 2314K, committed 2432K, reserved 1048576K
}
Event: 15.001 GC heap before
{Heap before GC invocations=5 (full 1):
 PSYoungGen      total 76288K, used 76278K [0x000000076ab00000, 0x0000000772780000, 0x00000007c0000000)
  eden space 65536K, 100% used [0x000000076ab00000,0x000000076eb00000,0x000000076eb00000)
  from space 10752K, 99% used [0x000000076eb00000,0x000000076f57db08,0x000000076f580000)
  to   space 10752K, 0% used [0x0000000771d00000,0x0000000771d00000,0x0000000772780000)
 ParOldGen       total 112640K, used 17597K [0x00000006c0000000, 0x00000006c6e00000, 0x000000076ab00000)
  object space 112640K, 15% used [0x00000006c0000000,0x00000006c112f608,0x00000006c6e00000)
 Metaspace       used 27706K, capacity 28073K, committed 28288K, reserved 1075200K
  class space    used 2201K, capacity 2314K, committed 2432K, reserved 1048576K
Event: 15.011 GC heap after
Heap after GC invocations=5 (full 1):
 PSYoungGen      total 112640K, used 10730K [0x000000076ab00000, 0x0000000772780000, 0x00000007c0000000)
  eden space 101888K, 0% used [0x000000076ab00000,0x000000076ab00000,0x0000000770e80000)
  from space 10752K, 99% used [0x0000000771d00000,0x000000077277ab68,0x0000000772780000)
  to   space 10752K, 0% used [0x0000000771280000,0x0000000771280000,0x0000000771d00000)
 ParOldGen       total 112640K, used 17794K [0x00000006c0000000, 0x00000006c6e00000, 0x000000076ab00000)
  object space 112640K, 15% used [0x00000006c0000000,0x00000006c1160838,0x00000006c6e00000)
 Metaspace       used 27706K, capacity 28073K, committed 28288K, reserved 1075200K
  class space    used 2201K, capacity 2314K, committed 2432K, reserved 1048576K
}

